#
# There is insufficient memory for the Java Runtime Environment to continue.
# Native memory allocation (malloc) failed to allocate 949456 bytes for Chunk::new
# Possible reasons:
#   The system is out of physical RAM or swap space
#   The process is running with CompressedOops enabled, and the Java Heap may be blocking the growth of the native heap
# Possible solutions:
#   Reduce memory load on the system
#   Increase physical memory or swap space
#   Check if swap backing store is full
#   Decrease Java heap size (-Xmx/-Xms)
#   Decrease number of Java threads
#   Decrease Java thread stack sizes (-Xss)
#   Set larger code cache with -XX:ReservedCodeCacheSize=
#   JVM is running with Unscaled Compressed Oops mode in which the Java heap is
#     placed in the first 4GB address space. The Java Heap base address is the
#     maximum limit for the native heap growth. Please use -XX:HeapBaseMinAddress
#     to set the Java Heap base and to place the Java Heap above 4GB virtual address.
# This output file may be truncated or incomplete.
#
#  Out of Memory Error (arena.cpp:197), pid=35704, tid=2396
#
# JRE version: OpenJDK Runtime Environment Microsoft-8035250 (11.0.20+8) (build 11.0.20+8-LTS)
# Java VM: OpenJDK 64-Bit Server VM Microsoft-8035250 (11.0.20+8-LTS, mixed mode, tiered, compressed oops, g1 gc, windows-amd64)
# No core dump will be written. Minidumps are not enabled by default on client versions of Windows
#

---------------  S U M M A R Y ------------

Command Line: -XX:MaxMetaspaceSize=512m --add-opens=java.base/java.util=ALL-UNNAMED --add-opens=java.base/java.lang=ALL-UNNAMED --add-opens=java.base/java.lang.invoke=ALL-UNNAMED --add-opens=java.prefs/java.util.prefs=ALL-UNNAMED --add-opens=java.base/java.nio.charset=ALL-UNNAMED --add-opens=java.base/java.net=ALL-UNNAMED --add-opens=java.base/java.util.concurrent.atomic=ALL-UNNAMED -Xmx2048m -Dfile.encoding=windows-1252 -Duser.country=IN -Duser.language=en -Duser.variant org.gradle.launcher.daemon.bootstrap.GradleDaemon 8.0.1

Host: 11th Gen Intel(R) Core(TM) i5-11320H @ 3.20GHz, 8 cores, 15G,  Windows 11 , 64 bit Build 22621 (10.0.22621.2428)
Time: Thu Oct 26 16:14:26 2023 India Standard Time elapsed time: 235.404732 seconds (0d 0h 3m 55s)

---------------  T H R E A D  ---------------

Current thread (0x000001da7839f000):  JavaThread "C2 CompilerThread0" daemon [_thread_in_native, id=2396, stack(0x00000053d4500000,0x00000053d4600000)]


Current CompileTask:
C2: 235404 9285       4       org.gradle.internal.reflect.ClassInspector::inspectClass (179 bytes)

Stack: [0x00000053d4500000,0x00000053d4600000]
Native frames: (J=compiled Java code, j=interpreted, Vv=VM code, C=native code)
V  [jvm.dll+0x62e9da]
V  [jvm.dll+0x7bc4e9]
V  [jvm.dll+0x7bdbd8]
V  [jvm.dll+0x7be2b3]
V  [jvm.dll+0x2505a8]
V  [jvm.dll+0xc263c]
V  [jvm.dll+0xc2bfc]
V  [jvm.dll+0x35fd82]
V  [jvm.dll+0x32bf13]
V  [jvm.dll+0x32b24a]
V  [jvm.dll+0x2097e3]
V  [jvm.dll+0x20893d]
V  [jvm.dll+0x18a7de]
V  [jvm.dll+0x2181ec]
V  [jvm.dll+0x21642b]
V  [jvm.dll+0x77efc0]
V  [jvm.dll+0x777db4]
V  [jvm.dll+0x62d845]
C  [ucrtbase.dll+0x29363]
C  [KERNEL32.DLL+0x1257d]
C  [ntdll.dll+0x5aa78]


---------------  P R O C E S S  ---------------

Threads class SMR info:
_java_thread_list=0x000001da7e3a5e20, length=133, elements={
0x000001da56a2c800, 0x000001da78347000, 0x000001da78348800, 0x000001da78399800,
0x000001da7839c800, 0x000001da7839d800, 0x000001da7839f000, 0x000001da783a5000,
0x000001da783bf800, 0x000001da78517000, 0x000001da7a53d800, 0x000001da799ab000,
0x000001da79e2b800, 0x000001da79996800, 0x000001da789f7000, 0x000001da786f5000,
0x000001da7a948000, 0x000001da795e3800, 0x000001da79941000, 0x000001da7975f800,
0x000001da7975d000, 0x000001da79760800, 0x000001da7975c000, 0x000001da7975e800,
0x000001da7975b800, 0x000001da7975a800, 0x000001da79761000, 0x000001da7adcf000,
0x000001da7add0000, 0x000001da7add1000, 0x000001da7add1800, 0x000001da7adcd800,
0x000001da7add5000, 0x000001da7add9000, 0x000001da7add5800, 0x000001da7add8000,
0x000001da7add3800, 0x000001da7adda000, 0x000001da7add4000, 0x000001da7adda800,
0x000001da7addb800, 0x000001da7addc000, 0x000001da7975e000, 0x000001da799c0800,
0x000001da799c3000, 0x000001da799be000, 0x000001da799bf000, 0x000001da799c2800,
0x000001da799c1800, 0x000001da799c5800, 0x000001da799c4000, 0x000001da799c5000,
0x000001da799c0000, 0x000001da799cb800, 0x000001da799c9800, 0x000001da799cc000,
0x000001da799c7000, 0x000001da799c8000, 0x000001da799c6800, 0x000001da799ca800,
0x000001da799c9000, 0x000001da799cd000, 0x000001da7b072800, 0x000001da7b075000,
0x000001da7b074000, 0x000001da7b071800, 0x000001da7b079000, 0x000001da7b073800,
0x000001da7b07a000, 0x000001da7b076000, 0x000001da7b07c800, 0x000001da7b07b800,
0x000001da7b07a800, 0x000001da7b076800, 0x000001da7b07d000, 0x000001da7b077800,
0x000001da7b07e000, 0x000001da7b078800, 0x000001da7b07f000, 0x000001da7b07f800,
0x000001da7b080800, 0x000001da00375800, 0x000001da00376800, 0x000001da00378000,
0x000001da00377800, 0x000001da00379000, 0x000001da00373000, 0x000001da00375000,
0x000001da00374000, 0x000001da0037f800, 0x000001da0037a800, 0x000001da0037c000,
0x000001da0037a000, 0x000001da00381000, 0x000001da00380800, 0x000001da0037b800,
0x000001da00382000, 0x000001da0037d000, 0x000001da0037e000, 0x000001da0037e800,
0x000001da7c308800, 0x000001da7c307000, 0x000001da7c30b800, 0x000001da7c306000,
0x000001da7c307800, 0x000001da7c309000, 0x000001da7c30b000, 0x000001da7c30a000,
0x000001da7c312000, 0x000001da7c30f000, 0x000001da7c311800, 0x000001da7c310000,
0x000001da7c30d800, 0x000001da7c310800, 0x000001da7c30c800, 0x000001da7c313000,
0x000001da7c314000, 0x000001da7c30e000, 0x000001da7c314800, 0x000001da7ad5c800,
0x000001da7ad5e000, 0x000001da7ad5d000, 0x000001da7ad5f000, 0x000001da7ad5f800,
0x000001da7ad60800, 0x000001da7ad61800, 0x000001da7ad5b800, 0x000001da7ad62000,
0x000001da7ad63000, 0x000001da7ad64800, 0x000001da7ad63800, 0x000001da7ad68000,
0x000001da7ad6a800
}

Java Threads: ( => current thread )
  0x000001da56a2c800 JavaThread "main" [_thread_blocked, id=22612, stack(0x00000053d3800000,0x00000053d3900000)]
  0x000001da78347000 JavaThread "Reference Handler" daemon [_thread_blocked, id=22296, stack(0x00000053d4000000,0x00000053d4100000)]
  0x000001da78348800 JavaThread "Finalizer" daemon [_thread_blocked, id=23592, stack(0x00000053d4100000,0x00000053d4200000)]
  0x000001da78399800 JavaThread "Signal Dispatcher" daemon [_thread_blocked, id=19952, stack(0x00000053d4200000,0x00000053d4300000)]
  0x000001da7839c800 JavaThread "Attach Listener" daemon [_thread_blocked, id=16816, stack(0x00000053d4300000,0x00000053d4400000)]
  0x000001da7839d800 JavaThread "Service Thread" daemon [_thread_blocked, id=17084, stack(0x00000053d4400000,0x00000053d4500000)]
=>0x000001da7839f000 JavaThread "C2 CompilerThread0" daemon [_thread_in_native, id=2396, stack(0x00000053d4500000,0x00000053d4600000)]
  0x000001da783a5000 JavaThread "C1 CompilerThread0" daemon [_thread_in_native, id=13648, stack(0x00000053d4600000,0x00000053d4700000)]
  0x000001da783bf800 JavaThread "Sweeper thread" daemon [_thread_blocked, id=9044, stack(0x00000053d4700000,0x00000053d4800000)]
  0x000001da78517000 JavaThread "Common-Cleaner" daemon [_thread_blocked, id=19172, stack(0x00000053d4800000,0x00000053d4900000)]
  0x000001da7a53d800 JavaThread "Daemon health stats" [_thread_blocked, id=11204, stack(0x00000053d5000000,0x00000053d5100000)]
  0x000001da799ab000 JavaThread "Incoming local TCP Connector on port 55572" [_thread_in_native, id=8092, stack(0x00000053d4f00000,0x00000053d5000000)]
  0x000001da79e2b800 JavaThread "Daemon periodic checks" [_thread_blocked, id=4208, stack(0x00000053d5100000,0x00000053d5200000)]
  0x000001da79996800 JavaThread "Daemon" [_thread_blocked, id=26040, stack(0x00000053d5200000,0x00000053d5300000)]
  0x000001da789f7000 JavaThread "Handler for socket connection from /127.0.0.1:55572 to /127.0.0.1:55583" [_thread_in_native, id=5268, stack(0x00000053d5300000,0x00000053d5400000)]
  0x000001da786f5000 JavaThread "Cancel handler" [_thread_blocked, id=7652, stack(0x00000053d5400000,0x00000053d5500000)]
  0x000001da7a948000 JavaThread "Daemon worker" [_thread_in_vm, id=26300, stack(0x00000053d5500000,0x00000053d5600000)]
  0x000001da795e3800 JavaThread "Asynchronous log dispatcher for DefaultDaemonConnection: socket connection from /127.0.0.1:55572 to /127.0.0.1:55583" [_thread_blocked, id=36484, stack(0x00000053d5600000,0x00000053d5700000)]
  0x000001da79941000 JavaThread "Daemon client event forwarder" [_thread_blocked, id=30920, stack(0x00000053d5800000,0x00000053d5900000)]
  0x000001da7975f800 JavaThread "Cache worker for journal cache (C:\Users\ashis\.gradle\caches\journal-1)" [_thread_blocked, id=34312, stack(0x00000053d5d00000,0x00000053d5e00000)]
  0x000001da7975d000 JavaThread "File lock request listener" [_thread_in_native, id=32132, stack(0x00000053d5e00000,0x00000053d5f00000)]
  0x000001da79760800 JavaThread "Cache worker for file hash cache (C:\Users\ashis\.gradle\caches\8.0.1\fileHashes)" [_thread_blocked, id=11528, stack(0x00000053d5f00000,0x00000053d6000000)]
  0x000001da7975c000 JavaThread "File lock release action executor" [_thread_blocked, id=9612, stack(0x00000053d6000000,0x00000053d6100000)]
  0x000001da7975e800 JavaThread "File watcher server" daemon [_thread_in_native, id=35136, stack(0x00000053d6200000,0x00000053d6300000)]
  0x000001da7975b800 JavaThread "File watcher consumer" daemon [_thread_blocked, id=36868, stack(0x00000053d6300000,0x00000053d6400000)]
  0x000001da7975a800 JavaThread "Cache worker for checksums cache (D:\Native\BankSathi\android\.gradle\8.0.1\checksums)" [_thread_blocked, id=36948, stack(0x00000053d6400000,0x00000053d6500000)]
  0x000001da79761000 JavaThread "Cache worker for cache directory md-rule (C:\Users\ashis\.gradle\caches\8.0.1\md-rule)" [_thread_blocked, id=36976, stack(0x00000053d6500000,0x00000053d6600000)]
  0x000001da7adcf000 JavaThread "Cache worker for file content cache (C:\Users\ashis\.gradle\caches\8.0.1\fileContent)" [_thread_blocked, id=36984, stack(0x00000053d6600000,0x00000053d6700000)]
  0x000001da7add0000 JavaThread "Cache worker for file hash cache (D:\Native\BankSathi\android\.gradle\8.0.1\fileHashes)" [_thread_blocked, id=37104, stack(0x00000053d6700000,0x00000053d6800000)]
  0x000001da7add1000 JavaThread "Cache worker for cache directory md-supplier (C:\Users\ashis\.gradle\caches\8.0.1\md-supplier)" [_thread_blocked, id=37144, stack(0x00000053d6800000,0x00000053d6900000)]
  0x000001da7add1800 JavaThread "Cache worker for execution history cache (C:\Users\ashis\.gradle\caches\8.0.1\executionHistory)" [_thread_blocked, id=37232, stack(0x00000053d6900000,0x00000053d6a00000)]
  0x000001da7adcd800 JavaThread "jar transforms" [_thread_blocked, id=37472, stack(0x00000053d6a00000,0x00000053d6b00000)]
  0x000001da7add5000 JavaThread "jar transforms Thread 2" [_thread_blocked, id=37692, stack(0x00000053d6b00000,0x00000053d6c00000)]
  0x000001da7add9000 JavaThread "jar transforms Thread 3" [_thread_blocked, id=23472, stack(0x00000053d6e00000,0x00000053d6f00000)]
  0x000001da7add5800 JavaThread "jar transforms Thread 4" [_thread_blocked, id=34360, stack(0x00000053d6f00000,0x00000053d7000000)]
  0x000001da7add8000 JavaThread "Cache worker for kotlin-dsl (C:\Users\ashis\.gradle\caches\8.0.1\kotlin-dsl)" [_thread_blocked, id=29240, stack(0x00000053d3900000,0x00000053d3a00000)]
  0x000001da7add3800 JavaThread "jar transforms Thread 5" [_thread_blocked, id=20908, stack(0x00000053d3700000,0x00000053d3800000)]
  0x000001da7adda000 JavaThread "jar transforms Thread 6" [_thread_blocked, id=39092, stack(0x00000053d5700000,0x00000053d5800000)]
  0x000001da7add4000 JavaThread "Cache worker for dependencies-accessors (D:\Native\BankSathi\android\.gradle\8.0.1\dependencies-accessors)" [_thread_blocked, id=39168, stack(0x00000053d6100000,0x00000053d6200000)]
  0x000001da7adda800 JavaThread "Cache worker for Build Output Cleanup Cache (D:\Native\BankSathi\node_modules\@react-native\gradle-plugin\.gradle\buildOutputCleanup)" [_thread_blocked, id=39388, stack(0x00000053d7000000,0x00000053d7100000)]
  0x000001da7addb800 JavaThread "jar transforms Thread 7" [_thread_blocked, id=38940, stack(0x00000053d7100000,0x00000053d7200000)]
  0x000001da7addc000 JavaThread "Unconstrained build operations" [_thread_blocked, id=39628, stack(0x00000053d6c00000,0x00000053d6d00000)]
  0x000001da7975e000 JavaThread "Unconstrained build operations Thread 2" [_thread_blocked, id=35220, stack(0x00000053d7200000,0x00000053d7300000)]
  0x000001da799c0800 JavaThread "Unconstrained build operations Thread 3" [_thread_blocked, id=36448, stack(0x00000053d7300000,0x00000053d7400000)]
  0x000001da799c3000 JavaThread "Unconstrained build operations Thread 4" [_thread_blocked, id=15776, stack(0x00000053d7400000,0x00000053d7500000)]
  0x000001da799be000 JavaThread "Unconstrained build operations Thread 5" [_thread_blocked, id=22452, stack(0x00000053d7500000,0x00000053d7600000)]
  0x000001da799bf000 JavaThread "Unconstrained build operations Thread 6" [_thread_blocked, id=18920, stack(0x00000053d7600000,0x00000053d7700000)]
  0x000001da799c2800 JavaThread "Unconstrained build operations Thread 7" [_thread_blocked, id=13552, stack(0x00000053d7700000,0x00000053d7800000)]
  0x000001da799c1800 JavaThread "Unconstrained build operations Thread 8" [_thread_blocked, id=22936, stack(0x00000053d7800000,0x00000053d7900000)]
  0x000001da799c5800 JavaThread "Unconstrained build operations Thread 9" [_thread_blocked, id=9028, stack(0x00000053d7900000,0x00000053d7a00000)]
  0x000001da799c4000 JavaThread "Unconstrained build operations Thread 10" [_thread_blocked, id=21072, stack(0x00000053d7a00000,0x00000053d7b00000)]
  0x000001da799c5000 JavaThread "Unconstrained build operations Thread 11" [_thread_blocked, id=9456, stack(0x00000053d7b00000,0x00000053d7c00000)]
  0x000001da799c0000 JavaThread "Unconstrained build operations Thread 12" [_thread_blocked, id=9364, stack(0x00000053d7c00000,0x00000053d7d00000)]
  0x000001da799cb800 JavaThread "Unconstrained build operations Thread 13" [_thread_blocked, id=17360, stack(0x00000053d7d00000,0x00000053d7e00000)]
  0x000001da799c9800 JavaThread "Unconstrained build operations Thread 14" [_thread_blocked, id=39796, stack(0x00000053d7e00000,0x00000053d7f00000)]
  0x000001da799cc000 JavaThread "Unconstrained build operations Thread 15" [_thread_blocked, id=39864, stack(0x00000053d7f00000,0x00000053d8000000)]
  0x000001da799c7000 JavaThread "Unconstrained build operations Thread 16" [_thread_blocked, id=39696, stack(0x00000053d8000000,0x00000053d8100000)]
  0x000001da799c8000 JavaThread "Unconstrained build operations Thread 17" [_thread_blocked, id=39888, stack(0x00000053d8100000,0x00000053d8200000)]
  0x000001da799c6800 JavaThread "Unconstrained build operations Thread 18" [_thread_blocked, id=39720, stack(0x00000053d8200000,0x00000053d8300000)]
  0x000001da799ca800 JavaThread "Unconstrained build operations Thread 19" [_thread_blocked, id=27352, stack(0x00000053d8300000,0x00000053d8400000)]
  0x000001da799c9000 JavaThread "Unconstrained build operations Thread 20" [_thread_blocked, id=36940, stack(0x00000053d8400000,0x00000053d8500000)]
  0x000001da799cd000 JavaThread "Unconstrained build operations Thread 21" [_thread_blocked, id=9160, stack(0x00000053d8500000,0x00000053d8600000)]
  0x000001da7b072800 JavaThread "Unconstrained build operations Thread 22" [_thread_blocked, id=38264, stack(0x00000053d8600000,0x00000053d8700000)]
  0x000001da7b075000 JavaThread "Unconstrained build operations Thread 23" [_thread_blocked, id=39716, stack(0x00000053d8700000,0x00000053d8800000)]
  0x000001da7b074000 JavaThread "Unconstrained build operations Thread 24" [_thread_blocked, id=1840, stack(0x00000053d8800000,0x00000053d8900000)]
  0x000001da7b071800 JavaThread "Unconstrained build operations Thread 25" [_thread_blocked, id=14400, stack(0x00000053d8900000,0x00000053d8a00000)]
  0x000001da7b079000 JavaThread "Unconstrained build operations Thread 26" [_thread_blocked, id=18084, stack(0x00000053d8a00000,0x00000053d8b00000)]
  0x000001da7b073800 JavaThread "jar transforms Thread 8" [_thread_blocked, id=26516, stack(0x00000053d8b00000,0x00000053d8c00000)]
  0x000001da7b07a000 JavaThread "Memory manager" [_thread_blocked, id=13352, stack(0x00000053d8d00000,0x00000053d8e00000)]
  0x000001da7b076000 JavaThread "Cache worker for Build Output Cleanup Cache (D:\Native\BankSathi\android\.gradle\buildOutputCleanup)" [_thread_blocked, id=41536, stack(0x00000053d8e00000,0x00000053d8f00000)]
  0x000001da7b07c800 JavaThread "included builds" [_thread_blocked, id=41644, stack(0x00000053d8f00000,0x00000053d9000000)]
  0x000001da7b07b800 JavaThread "Execution worker" [_thread_blocked, id=41648, stack(0x00000053d9000000,0x00000053d9100000)]
  0x000001da7b07a800 JavaThread "Execution worker Thread 2" [_thread_blocked, id=41652, stack(0x00000053d9100000,0x00000053d9200000)]
  0x000001da7b076800 JavaThread "Execution worker Thread 3" [_thread_blocked, id=41656, stack(0x00000053d9200000,0x00000053d9300000)]
  0x000001da7b07d000 JavaThread "Execution worker Thread 4" [_thread_blocked, id=41660, stack(0x00000053d9300000,0x00000053d9400000)]
  0x000001da7b077800 JavaThread "Execution worker Thread 5" [_thread_blocked, id=41664, stack(0x00000053d9400000,0x00000053d9500000)]
  0x000001da7b07e000 JavaThread "Execution worker Thread 6" [_thread_blocked, id=41668, stack(0x00000053d9500000,0x00000053d9600000)]
  0x000001da7b078800 JavaThread "Execution worker Thread 7" [_thread_blocked, id=41672, stack(0x00000053d9600000,0x00000053d9700000)]
  0x000001da7b07f000 JavaThread "Cache worker for execution history cache (D:\Native\BankSathi\node_modules\@react-native\gradle-plugin\.gradle\8.0.1\executionHistory)" [_thread_blocked, id=41676, stack(0x00000053d9700000,0x00000053d9800000)]
  0x000001da7b07f800 JavaThread "Unconstrained build operations Thread 27" [_thread_blocked, id=41684, stack(0x00000053d9800000,0x00000053d9900000)]
  0x000001da7b080800 JavaThread "Unconstrained build operations Thread 28" [_thread_blocked, id=41688, stack(0x00000053d9900000,0x00000053d9a00000)]
  0x000001da00375800 JavaThread "Unconstrained build operations Thread 29" [_thread_blocked, id=41692, stack(0x00000053d9a00000,0x00000053d9b00000)]
  0x000001da00376800 JavaThread "Unconstrained build operations Thread 30" [_thread_blocked, id=41696, stack(0x00000053d9b00000,0x00000053d9c00000)]
  0x000001da00378000 JavaThread "Unconstrained build operations Thread 31" [_thread_blocked, id=41716, stack(0x00000053d8c00000,0x00000053d8d00000)]
  0x000001da00377800 JavaThread "Unconstrained build operations Thread 32" [_thread_blocked, id=41720, stack(0x00000053d9c00000,0x00000053d9d00000)]
  0x000001da00379000 JavaThread "Unconstrained build operations Thread 33" [_thread_blocked, id=41724, stack(0x00000053d9d00000,0x00000053d9e00000)]
  0x000001da00373000 JavaThread "Unconstrained build operations Thread 34" [_thread_blocked, id=41728, stack(0x00000053d9e00000,0x00000053d9f00000)]
  0x000001da00375000 JavaThread "Unconstrained build operations Thread 35" [_thread_blocked, id=41732, stack(0x00000053d9f00000,0x00000053da000000)]
  0x000001da00374000 JavaThread "Unconstrained build operations Thread 36" [_thread_blocked, id=41736, stack(0x00000053da000000,0x00000053da100000)]
  0x000001da0037f800 JavaThread "Unconstrained build operations Thread 37" [_thread_blocked, id=41740, stack(0x00000053da100000,0x00000053da200000)]
  0x000001da0037a800 JavaThread "Unconstrained build operations Thread 38" [_thread_blocked, id=41744, stack(0x00000053da200000,0x00000053da300000)]
  0x000001da0037c000 JavaThread "Unconstrained build operations Thread 39" [_thread_blocked, id=41748, stack(0x00000053da300000,0x00000053da400000)]
  0x000001da0037a000 JavaThread "Unconstrained build operations Thread 40" [_thread_blocked, id=41752, stack(0x00000053da400000,0x00000053da500000)]
  0x000001da00381000 JavaThread "Unconstrained build operations Thread 41" [_thread_blocked, id=41756, stack(0x00000053da500000,0x00000053da600000)]
  0x000001da00380800 JavaThread "Unconstrained build operations Thread 42" [_thread_blocked, id=41760, stack(0x00000053da600000,0x00000053da700000)]
  0x000001da0037b800 JavaThread "Unconstrained build operations Thread 43" [_thread_blocked, id=41764, stack(0x00000053da700000,0x00000053da800000)]
  0x000001da00382000 JavaThread "Unconstrained build operations Thread 44" [_thread_blocked, id=41768, stack(0x00000053da800000,0x00000053da900000)]
  0x000001da0037d000 JavaThread "Unconstrained build operations Thread 45" [_thread_blocked, id=41772, stack(0x00000053da900000,0x00000053daa00000)]
  0x000001da0037e000 JavaThread "Unconstrained build operations Thread 46" [_thread_blocked, id=41776, stack(0x00000053daa00000,0x00000053dab00000)]
  0x000001da0037e800 JavaThread "Unconstrained build operations Thread 47" [_thread_blocked, id=41780, stack(0x00000053dab00000,0x00000053dac00000)]
  0x000001da7c308800 JavaThread "Unconstrained build operations Thread 48" [_thread_blocked, id=41784, stack(0x00000053dac00000,0x00000053dad00000)]
  0x000001da7c307000 JavaThread "Unconstrained build operations Thread 49" [_thread_blocked, id=41788, stack(0x00000053dad00000,0x00000053dae00000)]
  0x000001da7c30b800 JavaThread "Unconstrained build operations Thread 50" [_thread_blocked, id=41792, stack(0x00000053dae00000,0x00000053daf00000)]
  0x000001da7c306000 JavaThread "Unconstrained build operations Thread 51" [_thread_blocked, id=41796, stack(0x00000053daf00000,0x00000053db000000)]
  0x000001da7c307800 JavaThread "Unconstrained build operations Thread 52" [_thread_blocked, id=35012, stack(0x00000053db000000,0x00000053db100000)]
  0x000001da7c309000 JavaThread "Unconstrained build operations Thread 53" [_thread_blocked, id=41080, stack(0x00000053db100000,0x00000053db200000)]
  0x000001da7c30b000 JavaThread "Unconstrained build operations Thread 54" [_thread_blocked, id=41096, stack(0x00000053db200000,0x00000053db300000)]
  0x000001da7c30a000 JavaThread "Unconstrained build operations Thread 55" [_thread_blocked, id=41104, stack(0x00000053db300000,0x00000053db400000)]
  0x000001da7c312000 JavaThread "Unconstrained build operations Thread 56" [_thread_blocked, id=41112, stack(0x00000053db400000,0x00000053db500000)]
  0x000001da7c30f000 JavaThread "Unconstrained build operations Thread 57" [_thread_blocked, id=41128, stack(0x00000053db500000,0x00000053db600000)]
  0x000001da7c311800 JavaThread "Unconstrained build operations Thread 58" [_thread_blocked, id=41076, stack(0x00000053db600000,0x00000053db700000)]
  0x000001da7c310000 JavaThread "Unconstrained build operations Thread 59" [_thread_blocked, id=41124, stack(0x00000053db700000,0x00000053db800000)]
  0x000001da7c30d800 JavaThread "Unconstrained build operations Thread 60" [_thread_blocked, id=41108, stack(0x00000053db800000,0x00000053db900000)]
  0x000001da7c310800 JavaThread "Unconstrained build operations Thread 61" [_thread_blocked, id=41072, stack(0x00000053db900000,0x00000053dba00000)]
  0x000001da7c30c800 JavaThread "Unconstrained build operations Thread 62" [_thread_blocked, id=3728, stack(0x00000053dba00000,0x00000053dbb00000)]
  0x000001da7c313000 JavaThread "Unconstrained build operations Thread 63" [_thread_blocked, id=39992, stack(0x00000053dbb00000,0x00000053dbc00000)]
  0x000001da7c314000 JavaThread "Unconstrained build operations Thread 64" [_thread_blocked, id=25308, stack(0x00000053dbc00000,0x00000053dbd00000)]
  0x000001da7c30e000 JavaThread "Unconstrained build operations Thread 65" [_thread_blocked, id=41340, stack(0x00000053dbd00000,0x00000053dbe00000)]
  0x000001da7c314800 JavaThread "Unconstrained build operations Thread 66" [_thread_blocked, id=41348, stack(0x00000053dbe00000,0x00000053dbf00000)]
  0x000001da7ad5c800 JavaThread "Unconstrained build operations Thread 67" [_thread_blocked, id=41344, stack(0x00000053dbf00000,0x00000053dc000000)]
  0x000001da7ad5e000 JavaThread "Unconstrained build operations Thread 68" [_thread_blocked, id=41336, stack(0x00000053dc000000,0x00000053dc100000)]
  0x000001da7ad5d000 JavaThread "Unconstrained build operations Thread 69" [_thread_blocked, id=41404, stack(0x00000053dc100000,0x00000053dc200000)]
  0x000001da7ad5f000 JavaThread "Unconstrained build operations Thread 70" [_thread_blocked, id=39408, stack(0x00000053dc200000,0x00000053dc300000)]
  0x000001da7ad5f800 JavaThread "Unconstrained build operations Thread 71" [_thread_blocked, id=39420, stack(0x00000053dc300000,0x00000053dc400000)]
  0x000001da7ad60800 JavaThread "Unconstrained build operations Thread 72" [_thread_blocked, id=22588, stack(0x00000053dc400000,0x00000053dc500000)]
  0x000001da7ad61800 JavaThread "Unconstrained build operations Thread 73" [_thread_blocked, id=32988, stack(0x00000053dc500000,0x00000053dc600000)]
  0x000001da7ad5b800 JavaThread "Unconstrained build operations Thread 74" [_thread_blocked, id=37196, stack(0x00000053dc600000,0x00000053dc700000)]
  0x000001da7ad62000 JavaThread "Unconstrained build operations Thread 75" [_thread_blocked, id=40040, stack(0x00000053dc700000,0x00000053dc800000)]
  0x000001da7ad63000 JavaThread "Unconstrained build operations Thread 76" [_thread_blocked, id=12008, stack(0x00000053dc800000,0x00000053dc900000)]
  0x000001da7ad64800 JavaThread "Unconstrained build operations Thread 77" [_thread_blocked, id=41384, stack(0x00000053dc900000,0x00000053dca00000)]
  0x000001da7ad63800 JavaThread "Unconstrained build operations Thread 78" [_thread_blocked, id=41388, stack(0x00000053dca00000,0x00000053dcb00000)]
  0x000001da7ad68000 JavaThread "Unconstrained build operations Thread 79" [_thread_blocked, id=41392, stack(0x00000053dcb00000,0x00000053dcc00000)]
  0x000001da7ad6a800 JavaThread "Unconstrained build operations Thread 80" [_thread_blocked, id=41396, stack(0x00000053dcc00000,0x00000053dcd00000)]

Other Threads:
  0x000001da78331800 VMThread "VM Thread" [stack: 0x00000053d3f00000,0x00000053d4000000] [id=20964]
  0x000001da78546800 WatcherThread [stack: 0x00000053d4900000,0x00000053d4a00000] [id=1292]
  0x000001da56a47800 GCTaskThread "GC Thread#0" [stack: 0x00000053d3a00000,0x00000053d3b00000] [id=21208]
  0x000001da7913f800 GCTaskThread "GC Thread#1" [stack: 0x00000053d4a00000,0x00000053d4b00000] [id=18132]
  0x000001da7947e000 GCTaskThread "GC Thread#2" [stack: 0x00000053d4b00000,0x00000053d4c00000] [id=15496]
  0x000001da794ae800 GCTaskThread "GC Thread#3" [stack: 0x00000053d4c00000,0x00000053d4d00000] [id=17700]
  0x000001da794af000 GCTaskThread "GC Thread#4" [stack: 0x00000053d4d00000,0x00000053d4e00000] [id=10824]
  0x000001da79110800 GCTaskThread "GC Thread#5" [stack: 0x00000053d4e00000,0x00000053d4f00000] [id=17884]
  0x000001da7a4c4000 GCTaskThread "GC Thread#6" [stack: 0x00000053d5900000,0x00000053d5a00000] [id=25636]
  0x000001da7a3ff800 GCTaskThread "GC Thread#7" [stack: 0x00000053d5a00000,0x00000053d5b00000] [id=33652]
  0x000001da56a79000 ConcurrentGCThread "G1 Main Marker" [stack: 0x00000053d3b00000,0x00000053d3c00000] [id=3664]
  0x000001da56a7a800 ConcurrentGCThread "G1 Conc#0" [stack: 0x00000053d3c00000,0x00000053d3d00000] [id=14024]
  0x000001da7b3be000 ConcurrentGCThread "G1 Conc#1" [stack: 0x00000053d5b00000,0x00000053d5c00000] [id=33896]
  0x000001da7799c800 ConcurrentGCThread "G1 Refine#0" [stack: 0x00000053d3d00000,0x00000053d3e00000] [id=14032]
  0x000001da790b1000 ConcurrentGCThread "G1 Refine#1" [stack: 0x00000053d5c00000,0x00000053d5d00000] [id=33992]
  0x000001da7799e000 ConcurrentGCThread "G1 Young RemSet Sampling" [stack: 0x00000053d3e00000,0x00000053d3f00000] [id=16448]

Threads with active compile tasks:
C2 CompilerThread0   235447 9285       4       org.gradle.internal.reflect.ClassInspector::inspectClass (179 bytes)

VM state:not at safepoint (normal execution)

VM Mutex/Monitor currently owned by a thread:  ([mutex/lock_event])
[0x000001da56a21a60] SymbolTable_lock - owner thread: 0x000001da7a948000

Heap address: 0x0000000080000000, size: 2048 MB, Compressed Oops mode: 32-bit
Narrow klass base: 0x0000000000000000, Narrow klass shift: 3
Compressed class space size: 528482304 Address: 0x0000000100000000

Heap:
 garbage-first heap   total 260096K, used 75386K [0x0000000080000000, 0x0000000100000000)
  region size 1024K, 26 young (26624K), 19 survivors (19456K)
 Metaspace       used 82797K, capacity 85224K, committed 85336K, reserved 591872K
  class space    used 10607K, capacity 11578K, committed 11648K, reserved 516096K
Heap Regions: E=young(eden), S=young(survivor), O=old, HS=humongous(starts), HC=humongous(continues), CS=collection set, F=free, A=archive, TAMS=top-at-mark-start (previous, next)
|   0|0x0000000080000000, 0x0000000080100000, 0x0000000080100000|100%|HS|  |TAMS 0x0000000080100000, 0x0000000080000000| Complete 
|   1|0x0000000080100000, 0x0000000080200000, 0x0000000080200000|100%|HC|  |TAMS 0x0000000080200000, 0x0000000080100000| Complete 
|   2|0x0000000080200000, 0x0000000080300000, 0x0000000080300000|100%|HC|  |TAMS 0x0000000080300000, 0x0000000080200000| Complete 
|   3|0x0000000080300000, 0x0000000080400000, 0x0000000080400000|100%|HC|  |TAMS 0x0000000080400000, 0x0000000080300000| Complete 
|   4|0x0000000080400000, 0x0000000080500000, 0x0000000080500000|100%| O|  |TAMS 0x0000000080500000, 0x0000000080400000| Untracked 
|   5|0x0000000080500000, 0x0000000080600000, 0x0000000080600000|100%| O|  |TAMS 0x0000000080600000, 0x0000000080500000| Untracked 
|   6|0x0000000080600000, 0x0000000080700000, 0x0000000080700000|100%| O|  |TAMS 0x0000000080700000, 0x0000000080600000| Untracked 
|   7|0x0000000080700000, 0x0000000080800000, 0x0000000080800000|100%| O|  |TAMS 0x0000000080800000, 0x0000000080700000| Untracked 
|   8|0x0000000080800000, 0x0000000080900000, 0x0000000080900000|100%| O|  |TAMS 0x0000000080900000, 0x0000000080800000| Untracked 
|   9|0x0000000080900000, 0x0000000080a00000, 0x0000000080a00000|100%| O|  |TAMS 0x0000000080a00000, 0x0000000080900000| Untracked 
|  10|0x0000000080a00000, 0x0000000080b00000, 0x0000000080b00000|100%| O|  |TAMS 0x0000000080b00000, 0x0000000080a00000| Untracked 
|  11|0x0000000080b00000, 0x0000000080c00000, 0x0000000080c00000|100%| O|  |TAMS 0x0000000080c00000, 0x0000000080b00000| Untracked 
|  12|0x0000000080c00000, 0x0000000080d00000, 0x0000000080d00000|100%| O|  |TAMS 0x0000000080d00000, 0x0000000080c00000| Untracked 
|  13|0x0000000080d00000, 0x0000000080e00000, 0x0000000080e00000|100%| O|  |TAMS 0x0000000080e00000, 0x0000000080d00000| Untracked 
|  14|0x0000000080e00000, 0x0000000080f00000, 0x0000000080f00000|100%| O|  |TAMS 0x0000000080f00000, 0x0000000080e00000| Untracked 
|  15|0x0000000080f00000, 0x0000000081000000, 0x0000000081000000|100%| O|  |TAMS 0x0000000081000000, 0x0000000080f00000| Untracked 
|  16|0x0000000081000000, 0x0000000081100000, 0x0000000081100000|100%| O|  |TAMS 0x0000000081100000, 0x0000000081000000| Untracked 
|  17|0x0000000081100000, 0x0000000081200000, 0x0000000081200000|100%| O|  |TAMS 0x0000000081200000, 0x0000000081100000| Untracked 
|  18|0x0000000081200000, 0x0000000081300000, 0x0000000081300000|100%| O|  |TAMS 0x0000000081300000, 0x0000000081200000| Untracked 
|  19|0x0000000081300000, 0x0000000081400000, 0x0000000081400000|100%|HS|  |TAMS 0x0000000081400000, 0x0000000081300000| Complete 
|  20|0x0000000081400000, 0x0000000081500000, 0x0000000081500000|100%|HC|  |TAMS 0x0000000081500000, 0x0000000081400000| Complete 
|  21|0x0000000081500000, 0x0000000081600000, 0x0000000081600000|100%|HS|  |TAMS 0x0000000081600000, 0x0000000081500000| Complete 
|  22|0x0000000081600000, 0x0000000081700000, 0x0000000081700000|100%|HC|  |TAMS 0x0000000081700000, 0x0000000081600000| Complete 
|  23|0x0000000081700000, 0x0000000081800000, 0x0000000081800000|100%|HC|  |TAMS 0x0000000081800000, 0x0000000081700000| Complete 
|  24|0x0000000081800000, 0x0000000081900000, 0x0000000081900000|100%|HC|  |TAMS 0x0000000081900000, 0x0000000081800000| Complete 
|  25|0x0000000081900000, 0x0000000081a00000, 0x0000000081a00000|100%| O|  |TAMS 0x0000000081a00000, 0x0000000081900000| Untracked 
|  26|0x0000000081a00000, 0x0000000081b00000, 0x0000000081b00000|100%| O|  |TAMS 0x0000000081b00000, 0x0000000081a00000| Untracked 
|  27|0x0000000081b00000, 0x0000000081c00000, 0x0000000081c00000|100%| O|  |TAMS 0x0000000081c00000, 0x0000000081b00000| Untracked 
|  28|0x0000000081c00000, 0x0000000081d00000, 0x0000000081d00000|100%| O|  |TAMS 0x0000000081d00000, 0x0000000081c00000| Untracked 
|  29|0x0000000081d00000, 0x0000000081e00000, 0x0000000081e00000|100%| O|  |TAMS 0x0000000081e00000, 0x0000000081d00000| Untracked 
|  30|0x0000000081e00000, 0x0000000081f00000, 0x0000000081f00000|100%| O|  |TAMS 0x0000000081f00000, 0x0000000081e00000| Untracked 
|  31|0x0000000081f00000, 0x0000000082000000, 0x0000000082000000|100%| O|  |TAMS 0x0000000082000000, 0x0000000081f00000| Untracked 
|  32|0x0000000082000000, 0x0000000082100000, 0x0000000082100000|100%| O|  |TAMS 0x0000000082100000, 0x0000000082000000| Untracked 
|  33|0x0000000082100000, 0x0000000082200000, 0x0000000082200000|100%| O|  |TAMS 0x0000000082200000, 0x0000000082100000| Untracked 
|  34|0x0000000082200000, 0x0000000082300000, 0x0000000082300000|100%| O|  |TAMS 0x0000000082300000, 0x0000000082200000| Untracked 
|  35|0x0000000082300000, 0x0000000082400000, 0x0000000082400000|100%| O|  |TAMS 0x0000000082400000, 0x0000000082300000| Untracked 
|  36|0x0000000082400000, 0x0000000082500000, 0x0000000082500000|100%| O|  |TAMS 0x0000000082500000, 0x0000000082400000| Untracked 
|  37|0x0000000082500000, 0x0000000082600000, 0x0000000082600000|100%| O|  |TAMS 0x0000000082600000, 0x0000000082500000| Untracked 
|  38|0x0000000082600000, 0x0000000082700000, 0x0000000082700000|100%| O|  |TAMS 0x0000000082700000, 0x0000000082600000| Untracked 
|  39|0x0000000082700000, 0x0000000082800000, 0x0000000082800000|100%| O|  |TAMS 0x0000000082800000, 0x0000000082700000| Untracked 
|  40|0x0000000082800000, 0x0000000082900000, 0x0000000082900000|100%| O|  |TAMS 0x0000000082888600, 0x0000000082800000| Untracked 
|  41|0x0000000082900000, 0x0000000082a00000, 0x0000000082a00000|100%|HS|  |TAMS 0x0000000082900000, 0x0000000082900000| Complete 
|  42|0x0000000082a00000, 0x0000000082b00000, 0x0000000082b00000|100%|HS|  |TAMS 0x0000000082a00000, 0x0000000082a00000| Complete 
|  43|0x0000000082b00000, 0x0000000082b00000, 0x0000000082c00000|  0%| F|  |TAMS 0x0000000082b00000, 0x0000000082b00000| Untracked 
|  44|0x0000000082c00000, 0x0000000082c00000, 0x0000000082d00000|  0%| F|  |TAMS 0x0000000082c00000, 0x0000000082c00000| Untracked 
|  45|0x0000000082d00000, 0x0000000082d00000, 0x0000000082e00000|  0%| F|  |TAMS 0x0000000082d00000, 0x0000000082d00000| Untracked 
|  46|0x0000000082e00000, 0x0000000082e00000, 0x0000000082f00000|  0%| F|  |TAMS 0x0000000082e00000, 0x0000000082e00000| Untracked 
|  47|0x0000000082f00000, 0x0000000082f00000, 0x0000000083000000|  0%| F|  |TAMS 0x0000000082f00000, 0x0000000082f00000| Untracked 
|  48|0x0000000083000000, 0x0000000083000000, 0x0000000083100000|  0%| F|  |TAMS 0x0000000083000000, 0x0000000083000000| Untracked 
|  49|0x0000000083100000, 0x0000000083100000, 0x0000000083200000|  0%| F|  |TAMS 0x0000000083100000, 0x0000000083100000| Untracked 
|  50|0x0000000083200000, 0x0000000083200000, 0x0000000083300000|  0%| F|  |TAMS 0x0000000083200000, 0x0000000083200000| Untracked 
|  51|0x0000000083300000, 0x0000000083400000, 0x0000000083400000|100%| O|  |TAMS 0x0000000083300000, 0x0000000083300000| Untracked 
|  52|0x0000000083400000, 0x0000000083500000, 0x0000000083500000|100%| O|  |TAMS 0x0000000083400000, 0x0000000083400000| Untracked 
|  53|0x0000000083500000, 0x0000000083600000, 0x0000000083600000|100%| O|  |TAMS 0x0000000083500000, 0x0000000083500000| Untracked 
|  54|0x0000000083600000, 0x0000000083700000, 0x0000000083700000|100%| O|  |TAMS 0x0000000083600000, 0x0000000083600000| Untracked 
|  55|0x0000000083700000, 0x0000000083800000, 0x0000000083800000|100%| O|  |TAMS 0x0000000083700000, 0x0000000083700000| Untracked 
|  56|0x0000000083800000, 0x000000008389e800, 0x0000000083900000| 61%| O|  |TAMS 0x0000000083800000, 0x0000000083800000| Untracked 
|  57|0x0000000083900000, 0x0000000083900000, 0x0000000083a00000|  0%| F|  |TAMS 0x0000000083900000, 0x0000000083900000| Untracked 
|  58|0x0000000083a00000, 0x0000000083a00000, 0x0000000083b00000|  0%| F|  |TAMS 0x0000000083a00000, 0x0000000083a00000| Untracked 
|  59|0x0000000083b00000, 0x0000000083b00000, 0x0000000083c00000|  0%| F|  |TAMS 0x0000000083b00000, 0x0000000083b00000| Untracked 
|  60|0x0000000083c00000, 0x0000000083c00000, 0x0000000083d00000|  0%| F|  |TAMS 0x0000000083c00000, 0x0000000083c00000| Untracked 
|  61|0x0000000083d00000, 0x0000000083d00000, 0x0000000083e00000|  0%| F|  |TAMS 0x0000000083d00000, 0x0000000083d00000| Untracked 
|  62|0x0000000083e00000, 0x0000000083e00000, 0x0000000083f00000|  0%| F|  |TAMS 0x0000000083e00000, 0x0000000083e00000| Untracked 
|  63|0x0000000083f00000, 0x0000000083f00000, 0x0000000084000000|  0%| F|  |TAMS 0x0000000083f00000, 0x0000000083f00000| Untracked 
|  64|0x0000000084000000, 0x0000000084000000, 0x0000000084100000|  0%| F|  |TAMS 0x0000000084000000, 0x0000000084000000| Untracked 
|  65|0x0000000084100000, 0x0000000084100000, 0x0000000084200000|  0%| F|  |TAMS 0x0000000084100000, 0x0000000084100000| Untracked 
|  66|0x0000000084200000, 0x0000000084200000, 0x0000000084300000|  0%| F|  |TAMS 0x0000000084200000, 0x0000000084200000| Untracked 
|  67|0x0000000084300000, 0x0000000084300000, 0x0000000084400000|  0%| F|  |TAMS 0x0000000084300000, 0x0000000084300000| Untracked 
|  68|0x0000000084400000, 0x0000000084400000, 0x0000000084500000|  0%| F|  |TAMS 0x0000000084400000, 0x0000000084400000| Untracked 
|  69|0x0000000084500000, 0x0000000084500000, 0x0000000084600000|  0%| F|  |TAMS 0x0000000084500000, 0x0000000084500000| Untracked 
|  70|0x0000000084600000, 0x0000000084600000, 0x0000000084700000|  0%| F|  |TAMS 0x0000000084600000, 0x0000000084600000| Untracked 
|  71|0x0000000084700000, 0x0000000084700000, 0x0000000084800000|  0%| F|  |TAMS 0x0000000084700000, 0x0000000084700000| Untracked 
|  72|0x0000000084800000, 0x0000000084800000, 0x0000000084900000|  0%| F|  |TAMS 0x0000000084800000, 0x0000000084800000| Untracked 
|  73|0x0000000084900000, 0x0000000084900000, 0x0000000084a00000|  0%| F|  |TAMS 0x0000000084900000, 0x0000000084900000| Untracked 
|  74|0x0000000084a00000, 0x0000000084a00000, 0x0000000084b00000|  0%| F|  |TAMS 0x0000000084a00000, 0x0000000084a00000| Untracked 
|  75|0x0000000084b00000, 0x0000000084b00000, 0x0000000084c00000|  0%| F|  |TAMS 0x0000000084b00000, 0x0000000084b00000| Untracked 
|  76|0x0000000084c00000, 0x0000000084c00000, 0x0000000084d00000|  0%| F|  |TAMS 0x0000000084c00000, 0x0000000084c00000| Untracked 
|  77|0x0000000084d00000, 0x0000000084d00000, 0x0000000084e00000|  0%| F|  |TAMS 0x0000000084d00000, 0x0000000084d00000| Untracked 
|  78|0x0000000084e00000, 0x0000000084e00000, 0x0000000084f00000|  0%| F|  |TAMS 0x0000000084e00000, 0x0000000084e00000| Untracked 
|  79|0x0000000084f00000, 0x0000000084f00000, 0x0000000085000000|  0%| F|  |TAMS 0x0000000084f00000, 0x0000000084f00000| Untracked 
|  80|0x0000000085000000, 0x0000000085000000, 0x0000000085100000|  0%| F|  |TAMS 0x0000000085000000, 0x0000000085000000| Untracked 
|  81|0x0000000085100000, 0x0000000085100000, 0x0000000085200000|  0%| F|  |TAMS 0x0000000085100000, 0x0000000085100000| Untracked 
|  82|0x0000000085200000, 0x0000000085200000, 0x0000000085300000|  0%| F|  |TAMS 0x0000000085200000, 0x0000000085200000| Untracked 
|  83|0x0000000085300000, 0x0000000085400000, 0x0000000085400000|100%| S|CS|TAMS 0x0000000085300000, 0x0000000085300000| Complete 
|  84|0x0000000085400000, 0x0000000085500000, 0x0000000085500000|100%| S|CS|TAMS 0x0000000085400000, 0x0000000085400000| Complete 
|  85|0x0000000085500000, 0x0000000085600000, 0x0000000085600000|100%| S|CS|TAMS 0x0000000085500000, 0x0000000085500000| Complete 
|  86|0x0000000085600000, 0x0000000085700000, 0x0000000085700000|100%| S|CS|TAMS 0x0000000085600000, 0x0000000085600000| Complete 
|  87|0x0000000085700000, 0x0000000085800000, 0x0000000085800000|100%| S|CS|TAMS 0x0000000085700000, 0x0000000085700000| Complete 
|  88|0x0000000085800000, 0x0000000085900000, 0x0000000085900000|100%| S|CS|TAMS 0x0000000085800000, 0x0000000085800000| Complete 
|  89|0x0000000085900000, 0x0000000085a00000, 0x0000000085a00000|100%| S|CS|TAMS 0x0000000085900000, 0x0000000085900000| Complete 
|  90|0x0000000085a00000, 0x0000000085b00000, 0x0000000085b00000|100%| S|CS|TAMS 0x0000000085a00000, 0x0000000085a00000| Complete 
|  91|0x0000000085b00000, 0x0000000085c00000, 0x0000000085c00000|100%| S|CS|TAMS 0x0000000085b00000, 0x0000000085b00000| Complete 
|  92|0x0000000085c00000, 0x0000000085d00000, 0x0000000085d00000|100%| S|CS|TAMS 0x0000000085c00000, 0x0000000085c00000| Complete 
|  93|0x0000000085d00000, 0x0000000085e00000, 0x0000000085e00000|100%| S|CS|TAMS 0x0000000085d00000, 0x0000000085d00000| Complete 
|  94|0x0000000085e00000, 0x0000000085f00000, 0x0000000085f00000|100%| S|CS|TAMS 0x0000000085e00000, 0x0000000085e00000| Complete 
|  95|0x0000000085f00000, 0x0000000086000000, 0x0000000086000000|100%| S|CS|TAMS 0x0000000085f00000, 0x0000000085f00000| Complete 
|  96|0x0000000086000000, 0x0000000086100000, 0x0000000086100000|100%| S|CS|TAMS 0x0000000086000000, 0x0000000086000000| Complete 
|  97|0x0000000086100000, 0x0000000086200000, 0x0000000086200000|100%| S|CS|TAMS 0x0000000086100000, 0x0000000086100000| Complete 
|  98|0x0000000086200000, 0x0000000086300000, 0x0000000086300000|100%| S|CS|TAMS 0x0000000086200000, 0x0000000086200000| Complete 
|  99|0x0000000086300000, 0x0000000086400000, 0x0000000086400000|100%| S|CS|TAMS 0x0000000086300000, 0x0000000086300000| Complete 
| 100|0x0000000086400000, 0x0000000086500000, 0x0000000086500000|100%| S|CS|TAMS 0x0000000086400000, 0x0000000086400000| Complete 
| 101|0x0000000086500000, 0x0000000086600000, 0x0000000086600000|100%| S|CS|TAMS 0x0000000086500000, 0x0000000086500000| Complete 
| 102|0x0000000086600000, 0x0000000086600000, 0x0000000086700000|  0%| F|  |TAMS 0x0000000086600000, 0x0000000086600000| Untracked 
| 103|0x0000000086700000, 0x0000000086700000, 0x0000000086800000|  0%| F|  |TAMS 0x0000000086700000, 0x0000000086700000| Untracked 
| 104|0x0000000086800000, 0x0000000086800000, 0x0000000086900000|  0%| F|  |TAMS 0x0000000086800000, 0x0000000086800000| Untracked 
| 105|0x0000000086900000, 0x0000000086900000, 0x0000000086a00000|  0%| F|  |TAMS 0x0000000086900000, 0x0000000086900000| Untracked 
| 106|0x0000000086a00000, 0x0000000086a00000, 0x0000000086b00000|  0%| F|  |TAMS 0x0000000086a00000, 0x0000000086a00000| Untracked 
| 107|0x0000000086b00000, 0x0000000086b00000, 0x0000000086c00000|  0%| F|  |TAMS 0x0000000086b00000, 0x0000000086b00000| Untracked 
| 108|0x0000000086c00000, 0x0000000086c00000, 0x0000000086d00000|  0%| F|  |TAMS 0x0000000086c00000, 0x0000000086c00000| Untracked 
| 109|0x0000000086d00000, 0x0000000086d00000, 0x0000000086e00000|  0%| F|  |TAMS 0x0000000086d00000, 0x0000000086d00000| Untracked 
| 110|0x0000000086e00000, 0x0000000086e00000, 0x0000000086f00000|  0%| F|  |TAMS 0x0000000086e00000, 0x0000000086e00000| Untracked 
| 111|0x0000000086f00000, 0x0000000086f00000, 0x0000000087000000|  0%| F|  |TAMS 0x0000000086f00000, 0x0000000086f00000| Untracked 
| 112|0x0000000087000000, 0x0000000087000000, 0x0000000087100000|  0%| F|  |TAMS 0x0000000087000000, 0x0000000087000000| Untracked 
| 113|0x0000000087100000, 0x0000000087100000, 0x0000000087200000|  0%| F|  |TAMS 0x0000000087100000, 0x0000000087100000| Untracked 
| 114|0x0000000087200000, 0x0000000087200000, 0x0000000087300000|  0%| F|  |TAMS 0x0000000087200000, 0x0000000087200000| Untracked 
| 115|0x0000000087300000, 0x0000000087300000, 0x0000000087400000|  0%| F|  |TAMS 0x0000000087300000, 0x0000000087300000| Untracked 
| 116|0x0000000087400000, 0x0000000087400000, 0x0000000087500000|  0%| F|  |TAMS 0x0000000087400000, 0x0000000087400000| Untracked 
| 117|0x0000000087500000, 0x0000000087500000, 0x0000000087600000|  0%| F|  |TAMS 0x0000000087500000, 0x0000000087500000| Untracked 
| 118|0x0000000087600000, 0x0000000087600000, 0x0000000087700000|  0%| F|  |TAMS 0x0000000087600000, 0x0000000087600000| Untracked 
| 119|0x0000000087700000, 0x0000000087700000, 0x0000000087800000|  0%| F|  |TAMS 0x0000000087700000, 0x0000000087700000| Untracked 
| 120|0x0000000087800000, 0x0000000087800000, 0x0000000087900000|  0%| F|  |TAMS 0x0000000087800000, 0x0000000087800000| Untracked 
| 121|0x0000000087900000, 0x0000000087900000, 0x0000000087a00000|  0%| F|  |TAMS 0x0000000087900000, 0x0000000087900000| Untracked 
| 122|0x0000000087a00000, 0x0000000087a00000, 0x0000000087b00000|  0%| F|  |TAMS 0x0000000087a00000, 0x0000000087a00000| Untracked 
| 123|0x0000000087b00000, 0x0000000087b00000, 0x0000000087c00000|  0%| F|  |TAMS 0x0000000087b00000, 0x0000000087b00000| Untracked 
| 124|0x0000000087c00000, 0x0000000087c00000, 0x0000000087d00000|  0%| F|  |TAMS 0x0000000087c00000, 0x0000000087c00000| Untracked 
| 125|0x0000000087d00000, 0x0000000087d00000, 0x0000000087e00000|  0%| F|  |TAMS 0x0000000087d00000, 0x0000000087d00000| Untracked 
| 126|0x0000000087e00000, 0x0000000087e00000, 0x0000000087f00000|  0%| F|  |TAMS 0x0000000087e00000, 0x0000000087e00000| Untracked 
| 127|0x0000000087f00000, 0x0000000087f00000, 0x0000000088000000|  0%| F|  |TAMS 0x0000000087f00000, 0x0000000087f00000| Untracked 
| 128|0x0000000088000000, 0x0000000088000000, 0x0000000088100000|  0%| F|  |TAMS 0x0000000088000000, 0x0000000088000000| Untracked 
| 129|0x0000000088100000, 0x0000000088100000, 0x0000000088200000|  0%| F|  |TAMS 0x0000000088100000, 0x0000000088100000| Untracked 
| 130|0x0000000088200000, 0x0000000088200000, 0x0000000088300000|  0%| F|  |TAMS 0x0000000088200000, 0x0000000088200000| Untracked 
| 131|0x0000000088300000, 0x0000000088300000, 0x0000000088400000|  0%| F|  |TAMS 0x0000000088300000, 0x0000000088300000| Untracked 
| 132|0x0000000088400000, 0x0000000088400000, 0x0000000088500000|  0%| F|  |TAMS 0x0000000088400000, 0x0000000088400000| Untracked 
| 133|0x0000000088500000, 0x0000000088500000, 0x0000000088600000|  0%| F|  |TAMS 0x0000000088500000, 0x0000000088500000| Untracked 
| 134|0x0000000088600000, 0x0000000088600000, 0x0000000088700000|  0%| F|  |TAMS 0x0000000088600000, 0x0000000088600000| Untracked 
| 135|0x0000000088700000, 0x0000000088700000, 0x0000000088800000|  0%| F|  |TAMS 0x0000000088700000, 0x0000000088700000| Untracked 
| 136|0x0000000088800000, 0x0000000088800000, 0x0000000088900000|  0%| F|  |TAMS 0x0000000088800000, 0x0000000088800000| Untracked 
| 137|0x0000000088900000, 0x0000000088900000, 0x0000000088a00000|  0%| F|  |TAMS 0x0000000088900000, 0x0000000088900000| Untracked 
| 138|0x0000000088a00000, 0x0000000088a00000, 0x0000000088b00000|  0%| F|  |TAMS 0x0000000088a00000, 0x0000000088a00000| Untracked 
| 139|0x0000000088b00000, 0x0000000088b00000, 0x0000000088c00000|  0%| F|  |TAMS 0x0000000088b00000, 0x0000000088b00000| Untracked 
| 140|0x0000000088c00000, 0x0000000088c00000, 0x0000000088d00000|  0%| F|  |TAMS 0x0000000088c00000, 0x0000000088c00000| Untracked 
| 141|0x0000000088d00000, 0x0000000088d00000, 0x0000000088e00000|  0%| F|  |TAMS 0x0000000088d00000, 0x0000000088d00000| Untracked 
| 142|0x0000000088e00000, 0x0000000088e00000, 0x0000000088f00000|  0%| F|  |TAMS 0x0000000088e00000, 0x0000000088e00000| Untracked 
| 143|0x0000000088f00000, 0x0000000088f00000, 0x0000000089000000|  0%| F|  |TAMS 0x0000000088f00000, 0x0000000088f00000| Untracked 
| 144|0x0000000089000000, 0x0000000089000000, 0x0000000089100000|  0%| F|  |TAMS 0x0000000089000000, 0x0000000089000000| Untracked 
| 145|0x0000000089100000, 0x0000000089100000, 0x0000000089200000|  0%| F|  |TAMS 0x0000000089100000, 0x0000000089100000| Untracked 
| 146|0x0000000089200000, 0x0000000089200000, 0x0000000089300000|  0%| F|  |TAMS 0x0000000089200000, 0x0000000089200000| Untracked 
| 147|0x0000000089300000, 0x0000000089300000, 0x0000000089400000|  0%| F|  |TAMS 0x0000000089300000, 0x0000000089300000| Untracked 
| 148|0x0000000089400000, 0x0000000089400000, 0x0000000089500000|  0%| F|  |TAMS 0x0000000089400000, 0x0000000089400000| Untracked 
| 149|0x0000000089500000, 0x0000000089500000, 0x0000000089600000|  0%| F|  |TAMS 0x0000000089500000, 0x0000000089500000| Untracked 
| 150|0x0000000089600000, 0x0000000089600000, 0x0000000089700000|  0%| F|  |TAMS 0x0000000089600000, 0x0000000089600000| Untracked 
| 151|0x0000000089700000, 0x0000000089700000, 0x0000000089800000|  0%| F|  |TAMS 0x0000000089700000, 0x0000000089700000| Untracked 
| 152|0x0000000089800000, 0x0000000089800000, 0x0000000089900000|  0%| F|  |TAMS 0x0000000089800000, 0x0000000089800000| Untracked 
| 153|0x0000000089900000, 0x0000000089900000, 0x0000000089a00000|  0%| F|  |TAMS 0x0000000089900000, 0x0000000089900000| Untracked 
| 154|0x0000000089a00000, 0x0000000089a00000, 0x0000000089b00000|  0%| F|  |TAMS 0x0000000089a00000, 0x0000000089a00000| Untracked 
| 155|0x0000000089b00000, 0x0000000089b00000, 0x0000000089c00000|  0%| F|  |TAMS 0x0000000089b00000, 0x0000000089b00000| Untracked 
| 156|0x0000000089c00000, 0x0000000089c00000, 0x0000000089d00000|  0%| F|  |TAMS 0x0000000089c00000, 0x0000000089c00000| Untracked 
| 157|0x0000000089d00000, 0x0000000089d00000, 0x0000000089e00000|  0%| F|  |TAMS 0x0000000089d00000, 0x0000000089d00000| Untracked 
| 158|0x0000000089e00000, 0x0000000089e00000, 0x0000000089f00000|  0%| F|  |TAMS 0x0000000089e00000, 0x0000000089e00000| Untracked 
| 159|0x0000000089f00000, 0x0000000089f00000, 0x000000008a000000|  0%| F|  |TAMS 0x0000000089f00000, 0x0000000089f00000| Untracked 
| 160|0x000000008a000000, 0x000000008a000000, 0x000000008a100000|  0%| F|  |TAMS 0x000000008a000000, 0x000000008a000000| Untracked 
| 161|0x000000008a100000, 0x000000008a100000, 0x000000008a200000|  0%| F|  |TAMS 0x000000008a100000, 0x000000008a100000| Untracked 
| 162|0x000000008a200000, 0x000000008a200000, 0x000000008a300000|  0%| F|  |TAMS 0x000000008a200000, 0x000000008a200000| Untracked 
| 163|0x000000008a300000, 0x000000008a300000, 0x000000008a400000|  0%| F|  |TAMS 0x000000008a300000, 0x000000008a300000| Untracked 
| 164|0x000000008a400000, 0x000000008a400000, 0x000000008a500000|  0%| F|  |TAMS 0x000000008a400000, 0x000000008a400000| Untracked 
| 165|0x000000008a500000, 0x000000008a500000, 0x000000008a600000|  0%| F|  |TAMS 0x000000008a500000, 0x000000008a500000| Untracked 
| 166|0x000000008a600000, 0x000000008a600000, 0x000000008a700000|  0%| F|  |TAMS 0x000000008a600000, 0x000000008a600000| Untracked 
| 167|0x000000008a700000, 0x000000008a700000, 0x000000008a800000|  0%| F|  |TAMS 0x000000008a700000, 0x000000008a700000| Untracked 
| 168|0x000000008a800000, 0x000000008a800000, 0x000000008a900000|  0%| F|  |TAMS 0x000000008a800000, 0x000000008a800000| Untracked 
| 169|0x000000008a900000, 0x000000008a900000, 0x000000008aa00000|  0%| F|  |TAMS 0x000000008a900000, 0x000000008a900000| Untracked 
| 170|0x000000008aa00000, 0x000000008aa00000, 0x000000008ab00000|  0%| F|  |TAMS 0x000000008aa00000, 0x000000008aa00000| Untracked 
| 171|0x000000008ab00000, 0x000000008ab00000, 0x000000008ac00000|  0%| F|  |TAMS 0x000000008ab00000, 0x000000008ab00000| Untracked 
| 172|0x000000008ac00000, 0x000000008ac00000, 0x000000008ad00000|  0%| F|  |TAMS 0x000000008ac00000, 0x000000008ac00000| Untracked 
| 173|0x000000008ad00000, 0x000000008ad00000, 0x000000008ae00000|  0%| F|  |TAMS 0x000000008ad00000, 0x000000008ad00000| Untracked 
| 174|0x000000008ae00000, 0x000000008ae00000, 0x000000008af00000|  0%| F|  |TAMS 0x000000008ae00000, 0x000000008ae00000| Untracked 
| 175|0x000000008af00000, 0x000000008af00000, 0x000000008b000000|  0%| F|  |TAMS 0x000000008af00000, 0x000000008af00000| Untracked 
| 176|0x000000008b000000, 0x000000008b000000, 0x000000008b100000|  0%| F|  |TAMS 0x000000008b000000, 0x000000008b000000| Untracked 
| 177|0x000000008b100000, 0x000000008b100000, 0x000000008b200000|  0%| F|  |TAMS 0x000000008b100000, 0x000000008b100000| Untracked 
| 178|0x000000008b200000, 0x000000008b200000, 0x000000008b300000|  0%| F|  |TAMS 0x000000008b200000, 0x000000008b200000| Untracked 
| 179|0x000000008b300000, 0x000000008b300000, 0x000000008b400000|  0%| F|  |TAMS 0x000000008b300000, 0x000000008b300000| Untracked 
| 180|0x000000008b400000, 0x000000008b400000, 0x000000008b500000|  0%| F|  |TAMS 0x000000008b400000, 0x000000008b400000| Untracked 
| 181|0x000000008b500000, 0x000000008b500000, 0x000000008b600000|  0%| F|  |TAMS 0x000000008b500000, 0x000000008b500000| Untracked 
| 182|0x000000008b600000, 0x000000008b600000, 0x000000008b700000|  0%| F|  |TAMS 0x000000008b600000, 0x000000008b600000| Untracked 
| 183|0x000000008b700000, 0x000000008b700000, 0x000000008b800000|  0%| F|  |TAMS 0x000000008b700000, 0x000000008b700000| Untracked 
| 184|0x000000008b800000, 0x000000008b800000, 0x000000008b900000|  0%| F|  |TAMS 0x000000008b800000, 0x000000008b800000| Untracked 
| 185|0x000000008b900000, 0x000000008b900000, 0x000000008ba00000|  0%| F|  |TAMS 0x000000008b900000, 0x000000008b900000| Untracked 
| 186|0x000000008ba00000, 0x000000008ba00000, 0x000000008bb00000|  0%| F|  |TAMS 0x000000008ba00000, 0x000000008ba00000| Untracked 
| 187|0x000000008bb00000, 0x000000008bb00000, 0x000000008bc00000|  0%| F|  |TAMS 0x000000008bb00000, 0x000000008bb00000| Untracked 
| 188|0x000000008bc00000, 0x000000008bc00000, 0x000000008bd00000|  0%| F|  |TAMS 0x000000008bc00000, 0x000000008bc00000| Untracked 
| 189|0x000000008bd00000, 0x000000008bd00000, 0x000000008be00000|  0%| F|  |TAMS 0x000000008bd00000, 0x000000008bd00000| Untracked 
| 190|0x000000008be00000, 0x000000008be00000, 0x000000008bf00000|  0%| F|  |TAMS 0x000000008be00000, 0x000000008be00000| Untracked 
| 191|0x000000008bf00000, 0x000000008bf00000, 0x000000008c000000|  0%| F|  |TAMS 0x000000008bf00000, 0x000000008bf00000| Untracked 
| 192|0x000000008c000000, 0x000000008c000000, 0x000000008c100000|  0%| F|  |TAMS 0x000000008c000000, 0x000000008c000000| Untracked 
| 193|0x000000008c100000, 0x000000008c100000, 0x000000008c200000|  0%| F|  |TAMS 0x000000008c100000, 0x000000008c100000| Untracked 
| 194|0x000000008c200000, 0x000000008c200000, 0x000000008c300000|  0%| F|  |TAMS 0x000000008c200000, 0x000000008c200000| Untracked 
| 195|0x000000008c300000, 0x000000008c300000, 0x000000008c400000|  0%| F|  |TAMS 0x000000008c300000, 0x000000008c300000| Untracked 
| 196|0x000000008c400000, 0x000000008c400000, 0x000000008c500000|  0%| F|  |TAMS 0x000000008c400000, 0x000000008c400000| Untracked 
| 197|0x000000008c500000, 0x000000008c500000, 0x000000008c600000|  0%| F|  |TAMS 0x000000008c500000, 0x000000008c500000| Untracked 
| 198|0x000000008c600000, 0x000000008c600000, 0x000000008c700000|  0%| F|  |TAMS 0x000000008c600000, 0x000000008c600000| Untracked 
| 199|0x000000008c700000, 0x000000008c700000, 0x000000008c800000|  0%| F|  |TAMS 0x000000008c700000, 0x000000008c700000| Untracked 
| 200|0x000000008c800000, 0x000000008c800000, 0x000000008c900000|  0%| F|  |TAMS 0x000000008c800000, 0x000000008c800000| Untracked 
| 201|0x000000008c900000, 0x000000008c900000, 0x000000008ca00000|  0%| F|  |TAMS 0x000000008c900000, 0x000000008c900000| Untracked 
| 202|0x000000008ca00000, 0x000000008ca00000, 0x000000008cb00000|  0%| F|  |TAMS 0x000000008ca00000, 0x000000008ca00000| Untracked 
| 203|0x000000008cb00000, 0x000000008cb00000, 0x000000008cc00000|  0%| F|  |TAMS 0x000000008cb00000, 0x000000008cb00000| Untracked 
| 204|0x000000008cc00000, 0x000000008cc00000, 0x000000008cd00000|  0%| F|  |TAMS 0x000000008cc00000, 0x000000008cc00000| Untracked 
| 205|0x000000008cd00000, 0x000000008cd00000, 0x000000008ce00000|  0%| F|  |TAMS 0x000000008cd00000, 0x000000008cd00000| Untracked 
| 206|0x000000008ce00000, 0x000000008ce00000, 0x000000008cf00000|  0%| F|  |TAMS 0x000000008ce00000, 0x000000008ce00000| Untracked 
| 207|0x000000008cf00000, 0x000000008cf00000, 0x000000008d000000|  0%| F|  |TAMS 0x000000008cf00000, 0x000000008cf00000| Untracked 
| 208|0x000000008d000000, 0x000000008d000000, 0x000000008d100000|  0%| F|  |TAMS 0x000000008d000000, 0x000000008d000000| Untracked 
| 209|0x000000008d100000, 0x000000008d100000, 0x000000008d200000|  0%| F|  |TAMS 0x000000008d100000, 0x000000008d100000| Untracked 
| 210|0x000000008d200000, 0x000000008d200000, 0x000000008d300000|  0%| F|  |TAMS 0x000000008d200000, 0x000000008d200000| Untracked 
| 211|0x000000008d300000, 0x000000008d300000, 0x000000008d400000|  0%| F|  |TAMS 0x000000008d300000, 0x000000008d300000| Untracked 
| 212|0x000000008d400000, 0x000000008d400000, 0x000000008d500000|  0%| F|  |TAMS 0x000000008d400000, 0x000000008d400000| Untracked 
| 213|0x000000008d500000, 0x000000008d500000, 0x000000008d600000|  0%| F|  |TAMS 0x000000008d500000, 0x000000008d500000| Untracked 
| 214|0x000000008d600000, 0x000000008d600000, 0x000000008d700000|  0%| F|  |TAMS 0x000000008d600000, 0x000000008d600000| Untracked 
| 215|0x000000008d700000, 0x000000008d700000, 0x000000008d800000|  0%| F|  |TAMS 0x000000008d700000, 0x000000008d700000| Untracked 
| 216|0x000000008d800000, 0x000000008d800000, 0x000000008d900000|  0%| F|  |TAMS 0x000000008d800000, 0x000000008d800000| Untracked 
| 217|0x000000008d900000, 0x000000008d900000, 0x000000008da00000|  0%| F|  |TAMS 0x000000008d900000, 0x000000008d900000| Untracked 
| 218|0x000000008da00000, 0x000000008da00000, 0x000000008db00000|  0%| F|  |TAMS 0x000000008da00000, 0x000000008da00000| Untracked 
| 219|0x000000008db00000, 0x000000008db00000, 0x000000008dc00000|  0%| F|  |TAMS 0x000000008db00000, 0x000000008db00000| Untracked 
| 220|0x000000008dc00000, 0x000000008dc00000, 0x000000008dd00000|  0%| F|  |TAMS 0x000000008dc00000, 0x000000008dc00000| Untracked 
| 221|0x000000008dd00000, 0x000000008dd00000, 0x000000008de00000|  0%| F|  |TAMS 0x000000008dd00000, 0x000000008dd00000| Untracked 
| 222|0x000000008de00000, 0x000000008de00000, 0x000000008df00000|  0%| F|  |TAMS 0x000000008de00000, 0x000000008de00000| Untracked 
| 223|0x000000008df00000, 0x000000008df00000, 0x000000008e000000|  0%| F|  |TAMS 0x000000008df00000, 0x000000008df00000| Untracked 
| 224|0x000000008e000000, 0x000000008e000000, 0x000000008e100000|  0%| F|  |TAMS 0x000000008e000000, 0x000000008e000000| Untracked 
| 225|0x000000008e100000, 0x000000008e100000, 0x000000008e200000|  0%| F|  |TAMS 0x000000008e100000, 0x000000008e100000| Untracked 
| 226|0x000000008e200000, 0x000000008e200000, 0x000000008e300000|  0%| F|  |TAMS 0x000000008e200000, 0x000000008e200000| Untracked 
| 227|0x000000008e300000, 0x000000008e300000, 0x000000008e400000|  0%| F|  |TAMS 0x000000008e300000, 0x000000008e300000| Untracked 
| 228|0x000000008e400000, 0x000000008e400000, 0x000000008e500000|  0%| F|  |TAMS 0x000000008e400000, 0x000000008e400000| Untracked 
| 229|0x000000008e500000, 0x000000008e500000, 0x000000008e600000|  0%| F|  |TAMS 0x000000008e500000, 0x000000008e500000| Untracked 
| 230|0x000000008e600000, 0x000000008e600000, 0x000000008e700000|  0%| F|  |TAMS 0x000000008e600000, 0x000000008e600000| Untracked 
| 231|0x000000008e700000, 0x000000008e700000, 0x000000008e800000|  0%| F|  |TAMS 0x000000008e700000, 0x000000008e700000| Untracked 
| 232|0x000000008e800000, 0x000000008e800000, 0x000000008e900000|  0%| F|  |TAMS 0x000000008e800000, 0x000000008e800000| Untracked 
| 233|0x000000008e900000, 0x000000008e900000, 0x000000008ea00000|  0%| F|  |TAMS 0x000000008e900000, 0x000000008e900000| Untracked 
| 234|0x000000008ea00000, 0x000000008ea00000, 0x000000008eb00000|  0%| F|  |TAMS 0x000000008ea00000, 0x000000008ea00000| Untracked 
| 235|0x000000008eb00000, 0x000000008eb00000, 0x000000008ec00000|  0%| F|  |TAMS 0x000000008eb00000, 0x000000008eb00000| Untracked 
| 236|0x000000008ec00000, 0x000000008ec00000, 0x000000008ed00000|  0%| F|  |TAMS 0x000000008ec00000, 0x000000008ec00000| Untracked 
| 237|0x000000008ed00000, 0x000000008ed00000, 0x000000008ee00000|  0%| F|  |TAMS 0x000000008ed00000, 0x000000008ed00000| Untracked 
| 238|0x000000008ee00000, 0x000000008ee00000, 0x000000008ef00000|  0%| F|  |TAMS 0x000000008ee00000, 0x000000008ee00000| Untracked 
| 239|0x000000008ef00000, 0x000000008ef00000, 0x000000008f000000|  0%| F|  |TAMS 0x000000008ef00000, 0x000000008ef00000| Untracked 
| 240|0x000000008f000000, 0x000000008f000000, 0x000000008f100000|  0%| F|  |TAMS 0x000000008f000000, 0x000000008f000000| Untracked 
| 241|0x000000008f100000, 0x000000008f100000, 0x000000008f200000|  0%| F|  |TAMS 0x000000008f100000, 0x000000008f100000| Untracked 
| 242|0x000000008f200000, 0x000000008f200000, 0x000000008f300000|  0%| F|  |TAMS 0x000000008f200000, 0x000000008f200000| Untracked 
| 243|0x000000008f300000, 0x000000008f300000, 0x000000008f400000|  0%| F|  |TAMS 0x000000008f300000, 0x000000008f300000| Untracked 
| 244|0x000000008f400000, 0x000000008f400000, 0x000000008f500000|  0%| F|  |TAMS 0x000000008f400000, 0x000000008f400000| Untracked 
| 245|0x000000008f500000, 0x000000008f500000, 0x000000008f600000|  0%| F|  |TAMS 0x000000008f500000, 0x000000008f500000| Untracked 
| 246|0x000000008f600000, 0x000000008f600000, 0x000000008f700000|  0%| F|  |TAMS 0x000000008f600000, 0x000000008f600000| Untracked 
| 247|0x000000008f700000, 0x000000008f800000, 0x000000008f800000|100%| E|  |TAMS 0x000000008f700000, 0x000000008f700000| Complete 
| 248|0x000000008f800000, 0x000000008f900000, 0x000000008f900000|100%| E|CS|TAMS 0x000000008f800000, 0x000000008f800000| Complete 
| 249|0x000000008f900000, 0x000000008fa00000, 0x000000008fa00000|100%| E|CS|TAMS 0x000000008f900000, 0x000000008f900000| Complete 
| 250|0x000000008fa00000, 0x000000008fb00000, 0x000000008fb00000|100%| E|CS|TAMS 0x000000008fa00000, 0x000000008fa00000| Complete 
| 251|0x000000008fb00000, 0x000000008fc00000, 0x000000008fc00000|100%| E|CS|TAMS 0x000000008fb00000, 0x000000008fb00000| Complete 
| 252|0x000000008fc00000, 0x000000008fd00000, 0x000000008fd00000|100%| E|CS|TAMS 0x000000008fc00000, 0x000000008fc00000| Complete 
| 253|0x000000008fd00000, 0x000000008fe00000, 0x000000008fe00000|100%| E|CS|TAMS 0x000000008fd00000, 0x000000008fd00000| Complete 

Card table byte_map: [0x000001da707f0000,0x000001da70bf0000] _byte_map_base: 0x000001da703f0000

Marking Bits (Prev, Next): (CMBitMap*) 0x000001da56a703e8, (CMBitMap*) 0x000001da56a70420
 Prev Bits: [0x000001da70ff0000, 0x000001da72ff0000)
 Next Bits: [0x000001da72ff0000, 0x000001da74ff0000)

Polling page: 0x000001da60950000

Metaspace:

Usage:
  Non-class:     71.92 MB capacity,    70.50 MB ( 98%) used,     1.16 MB (  2%) free+waste,   261.13 KB ( <1%) overhead. 
      Class:     11.31 MB capacity,    10.36 MB ( 92%) used,   845.91 KB (  7%) free+waste,   123.94 KB (  1%) overhead. 
       Both:     83.23 MB capacity,    80.86 MB ( 97%) used,     1.99 MB (  2%) free+waste,   385.06 KB ( <1%) overhead. 

Virtual space:
  Non-class space:       74.00 MB reserved,      71.96 MB ( 97%) committed 
      Class space:      504.00 MB reserved,      11.38 MB (  2%) committed 
             Both:      578.00 MB reserved,      83.34 MB ( 14%) committed 

Chunk freelists:
   Non-Class:  42.00 KB
       Class:  6.00 KB
        Both:  48.00 KB

MaxMetaspaceSize: 512.00 MB
CompressedClassSpaceSize: 504.00 MB
Initial GC threshold: 20.80 MB
Current GC threshold: 121.39 MB
CDS: off

CodeHeap 'non-profiled nmethods': size=120000Kb used=5394Kb max_used=5394Kb free=114605Kb
 bounds [0x000001da68440000, 0x000001da68990000, 0x000001da6f970000]
CodeHeap 'profiled nmethods': size=120000Kb used=20022Kb max_used=20022Kb free=99977Kb
 bounds [0x000001da60f10000, 0x000001da622a0000, 0x000001da68440000]
CodeHeap 'non-nmethods': size=5760Kb used=2390Kb max_used=2420Kb free=3369Kb
 bounds [0x000001da60970000, 0x000001da60be0000, 0x000001da60f10000]
 total_blobs=10156 nmethods=9251 adapters=817
 compilation: enabled
              stopped_count=0, restarted_count=0
 full_count=0

Compilation events (20 events):
Event: 235.355 Thread 0x000001da783a5000 9298       3       org.objectweb.asm.ClassVisitor::visitEnd (15 bytes)
Event: 235.355 Thread 0x000001da783a5000 nmethod 9298 0x000001da6228b310 code [0x000001da6228b4c0, 0x000001da6228b6a8]
Event: 235.358 Thread 0x000001da783a5000 9299       3       org.gradle.api.internal.collections.DefaultDomainObjectCollectionFactory::newDomainObjectSet (40 bytes)
Event: 235.358 Thread 0x000001da783a5000 nmethod 9299 0x000001da6228b790 code [0x000001da6228b9a0, 0x000001da6228c108]
Event: 235.358 Thread 0x000001da783a5000 9303       3       org.gradle.internal.logging.progress.DefaultProgressLoggerFactory::newOperation (107 bytes)
Event: 235.359 Thread 0x000001da783a5000 nmethod 9303 0x000001da6228c390 code [0x000001da6228c5a0, 0x000001da6228cb68]
Event: 235.359 Thread 0x000001da783a5000 9304       3       org.gradle.internal.logging.progress.DefaultProgressLoggerFactory$ProgressLoggerImpl::access$002 (7 bytes)
Event: 235.359 Thread 0x000001da783a5000 nmethod 9304 0x000001da6228cd10 code [0x000001da6228cec0, 0x000001da6228cfb8]
Event: 235.359 Thread 0x000001da783a5000 9305       3       org.gradle.internal.logging.progress.DefaultProgressLoggerFactory$ProgressLoggerImpl::assertCanConfigure (32 bytes)
Event: 235.359 Thread 0x000001da783a5000 nmethod 9305 0x000001da6228d090 code [0x000001da6228d320, 0x000001da6228de68]
Event: 235.359 Thread 0x000001da783a5000 9302       3       org.gradle.internal.logging.progress.DefaultProgressLoggerFactory$ProgressLoggerImpl::assertNotStarted (63 bytes)
Event: 235.360 Thread 0x000001da783a5000 nmethod 9302 0x000001da6228e210 code [0x000001da6228e580, 0x000001da6228fad8]
Event: 235.361 Thread 0x000001da783a5000 9300       3       org.gradle.api.internal.DefaultDomainObjectSet_Decorated::<init> (11 bytes)
Event: 235.362 Thread 0x000001da783a5000 nmethod 9300 0x000001da62290190 code [0x000001da622904e0, 0x000001da62291cf8]
Event: 235.362 Thread 0x000001da783a5000 9301       3       org.gradle.api.internal.DefaultDomainObjectSet_Decorated::$gradleInit (15 bytes)
Event: 235.362 Thread 0x000001da783a5000 nmethod 9301 0x000001da62292510 code [0x000001da62292700, 0x000001da62292d18]
Event: 235.387 Thread 0x000001da783a5000 9306       3       java.lang.invoke.BoundMethodHandle$Species_LL::speciesData (4 bytes)
Event: 235.388 Thread 0x000001da783a5000 nmethod 9306 0x000001da62292e90 code [0x000001da62293040, 0x000001da62293158]
Event: 235.388 Thread 0x000001da783a5000 9307       3       java.lang.invoke.MethodType::genericMethodType (95 bytes)
Event: 235.388 Thread 0x000001da783a5000 nmethod 9307 0x000001da62293210 code [0x000001da622934c0, 0x000001da62294218]

GC Heap History (18 events):
Event: 3.477 GC heap before
{Heap before GC invocations=0 (full 0):
 garbage-first heap   total 260096K, used 27648K [0x0000000080000000, 0x0000000100000000)
  region size 1024K, 24 young (24576K), 0 survivors (0K)
 Metaspace       used 10130K, capacity 10390K, committed 10624K, reserved 526336K
  class space    used 1031K, capacity 1107K, committed 1152K, reserved 516096K
}
Event: 4.405 GC heap after
{Heap after GC invocations=1 (full 0):
 garbage-first heap   total 260096K, used 10569K [0x0000000080000000, 0x0000000100000000)
  region size 1024K, 3 young (3072K), 3 survivors (3072K)
 Metaspace       used 10130K, capacity 10390K, committed 10624K, reserved 526336K
  class space    used 1031K, capacity 1107K, committed 1152K, reserved 516096K
}
Event: 23.161 GC heap before
{Heap before GC invocations=1 (full 0):
 garbage-first heap   total 260096K, used 99657K [0x0000000080000000, 0x0000000100000000)
  region size 1024K, 91 young (93184K), 3 survivors (3072K)
 Metaspace       used 20731K, capacity 21129K, committed 21296K, reserved 536576K
  class space    used 2456K, capacity 2609K, committed 2688K, reserved 516096K
}
Event: 23.168 GC heap after
{Heap after GC invocations=2 (full 0):
 garbage-first heap   total 260096K, used 18089K [0x0000000080000000, 0x0000000100000000)
  region size 1024K, 11 young (11264K), 11 survivors (11264K)
 Metaspace       used 20731K, capacity 21129K, committed 21296K, reserved 536576K
  class space    used 2456K, capacity 2609K, committed 2688K, reserved 516096K
}
Event: 25.125 GC heap before
{Heap before GC invocations=3 (full 0):
 garbage-first heap   total 260096K, used 74409K [0x0000000080000000, 0x0000000100000000)
  region size 1024K, 66 young (67584K), 11 survivors (11264K)
 Metaspace       used 25873K, capacity 26429K, committed 26624K, reserved 540672K
  class space    used 3274K, capacity 3486K, committed 3584K, reserved 516096K
}
Event: 25.138 GC heap after
{Heap after GC invocations=4 (full 0):
 garbage-first heap   total 260096K, used 20368K [0x0000000080000000, 0x0000000100000000)
  region size 1024K, 3 young (3072K), 3 survivors (3072K)
 Metaspace       used 25873K, capacity 26429K, committed 26624K, reserved 540672K
  class space    used 3274K, capacity 3486K, committed 3584K, reserved 516096K
}
Event: 28.657 GC heap before
{Heap before GC invocations=5 (full 0):
 garbage-first heap   total 260096K, used 119696K [0x0000000080000000, 0x0000000100000000)
  region size 1024K, 101 young (103424K), 3 survivors (3072K)
 Metaspace       used 37976K, capacity 38894K, committed 39040K, reserved 550912K
  class space    used 4804K, capacity 5156K, committed 5248K, reserved 516096K
}
Event: 28.664 GC heap after
{Heap after GC invocations=6 (full 0):
 garbage-first heap   total 260096K, used 26514K [0x0000000080000000, 0x0000000100000000)
  region size 1024K, 9 young (9216K), 9 survivors (9216K)
 Metaspace       used 37976K, capacity 38894K, committed 39040K, reserved 550912K
  class space    used 4804K, capacity 5156K, committed 5248K, reserved 516096K
}
Event: 70.959 GC heap before
{Heap before GC invocations=6 (full 0):
 garbage-first heap   total 260096K, used 114578K [0x0000000080000000, 0x0000000100000000)
  region size 1024K, 93 young (95232K), 9 survivors (9216K)
 Metaspace       used 43122K, capacity 44255K, committed 44376K, reserved 555008K
  class space    used 5447K, capacity 5925K, committed 6016K, reserved 516096K
}
Event: 70.974 GC heap after
{Heap after GC invocations=7 (full 0):
 garbage-first heap   total 260096K, used 30460K [0x0000000080000000, 0x0000000100000000)
  region size 1024K, 13 young (13312K), 13 survivors (13312K)
 Metaspace       used 43122K, capacity 44255K, committed 44376K, reserved 555008K
  class space    used 5447K, capacity 5925K, committed 6016K, reserved 516096K
}
Event: 149.183 GC heap before
{Heap before GC invocations=8 (full 0):
 garbage-first heap   total 260096K, used 178940K [0x0000000080000000, 0x0000000100000000)
  region size 1024K, 152 young (155648K), 13 survivors (13312K)
 Metaspace       used 52577K, capacity 54156K, committed 54232K, reserved 563200K
  class space    used 6730K, capacity 7391K, committed 7424K, reserved 516096K
}
Event: 149.198 GC heap after
{Heap after GC invocations=9 (full 0):
 garbage-first heap   total 260096K, used 42151K [0x0000000080000000, 0x0000000100000000)
  region size 1024K, 16 young (16384K), 16 survivors (16384K)
 Metaspace       used 52577K, capacity 54156K, committed 54232K, reserved 563200K
  class space    used 6730K, capacity 7391K, committed 7424K, reserved 516096K
}
Event: 158.069 GC heap before
{Heap before GC invocations=9 (full 0):
 garbage-first heap   total 260096K, used 181415K [0x0000000080000000, 0x0000000100000000)
  region size 1024K, 152 young (155648K), 16 survivors (16384K)
 Metaspace       used 64618K, capacity 66471K, committed 66648K, reserved 575488K
  class space    used 8349K, capacity 9083K, committed 9088K, reserved 516096K
}
Event: 158.087 GC heap after
{Heap after GC invocations=10 (full 0):
 garbage-first heap   total 260096K, used 48836K [0x0000000080000000, 0x0000000100000000)
  region size 1024K, 13 young (13312K), 13 survivors (13312K)
 Metaspace       used 64618K, capacity 66471K, committed 66648K, reserved 575488K
  class space    used 8349K, capacity 9083K, committed 9088K, reserved 516096K
}
Event: 175.352 GC heap before
{Heap before GC invocations=10 (full 0):
 garbage-first heap   total 260096K, used 172740K [0x0000000080000000, 0x0000000100000000)
  region size 1024K, 136 young (139264K), 13 survivors (13312K)
 Metaspace       used 72038K, capacity 74167K, committed 74328K, reserved 581632K
  class space    used 9359K, capacity 10258K, committed 10368K, reserved 516096K
}
Event: 175.371 GC heap after
{Heap after GC invocations=11 (full 0):
 garbage-first heap   total 260096K, used 55841K [0x0000000080000000, 0x0000000100000000)
  region size 1024K, 14 young (14336K), 14 survivors (14336K)
 Metaspace       used 72038K, capacity 74167K, committed 74328K, reserved 581632K
  class space    used 9359K, capacity 10258K, committed 10368K, reserved 516096K
}
Event: 235.291 GC heap before
{Heap before GC invocations=12 (full 0):
 garbage-first heap   total 260096K, used 207393K [0x0000000080000000, 0x0000000100000000)
  region size 1024K, 152 young (155648K), 14 survivors (14336K)
 Metaspace       used 82153K, capacity 84568K, committed 84696K, reserved 589824K
  class space    used 10531K, capacity 11509K, committed 11520K, reserved 516096K
}
Event: 235.326 GC heap after
{Heap after GC invocations=13 (full 0):
 garbage-first heap   total 260096K, used 69242K [0x0000000080000000, 0x0000000100000000)
  region size 1024K, 19 young (19456K), 19 survivors (19456K)
 Metaspace       used 82153K, capacity 84568K, committed 84696K, reserved 589824K
  class space    used 10531K, capacity 11509K, committed 11520K, reserved 516096K
}

Deoptimization events (20 events):
Event: 234.831 Thread 0x000001da7a948000 DEOPT PACKING pc=0x000001da6880b098 sp=0x00000053d55f76a0
Event: 234.831 Thread 0x000001da7a948000 DEOPT UNPACKING pc=0x000001da609785af sp=0x00000053d55f7668 mode 2
Event: 234.831 Thread 0x000001da7a948000 Uncommon trap: trap_request=0xffffffc6 fr.pc=0x000001da6880b098 relative=0x0000000000000058
Event: 234.831 Thread 0x000001da7a948000 Uncommon trap: reason=bimorphic_or_optimized_type_check action=maybe_recompile pc=0x000001da6880b098 method=java.util.AbstractQueue.add(Ljava/lang/Object;)Z @ 2 c2
Event: 234.831 Thread 0x000001da7a948000 DEOPT PACKING pc=0x000001da6880b098 sp=0x00000053d55f76a0
Event: 234.831 Thread 0x000001da7a948000 DEOPT UNPACKING pc=0x000001da609785af sp=0x00000053d55f7668 mode 2
Event: 234.932 Thread 0x000001da7a948000 Uncommon trap: trap_request=0xffffffc6 fr.pc=0x000001da6880b098 relative=0x0000000000000058
Event: 234.932 Thread 0x000001da7a948000 Uncommon trap: reason=bimorphic_or_optimized_type_check action=maybe_recompile pc=0x000001da6880b098 method=java.util.AbstractQueue.add(Ljava/lang/Object;)Z @ 2 c2
Event: 234.932 Thread 0x000001da7a948000 DEOPT PACKING pc=0x000001da6880b098 sp=0x00000053d55f6790
Event: 234.932 Thread 0x000001da7a948000 DEOPT UNPACKING pc=0x000001da609785af sp=0x00000053d55f6758 mode 2
Event: 234.932 Thread 0x000001da7a948000 Uncommon trap: trap_request=0xffffffc6 fr.pc=0x000001da6880b098 relative=0x0000000000000058
Event: 234.932 Thread 0x000001da7a948000 Uncommon trap: reason=bimorphic_or_optimized_type_check action=maybe_recompile pc=0x000001da6880b098 method=java.util.AbstractQueue.add(Ljava/lang/Object;)Z @ 2 c2
Event: 234.932 Thread 0x000001da7a948000 DEOPT PACKING pc=0x000001da6880b098 sp=0x00000053d55f6790
Event: 234.932 Thread 0x000001da7a948000 DEOPT UNPACKING pc=0x000001da609785af sp=0x00000053d55f6758 mode 2
Event: 235.170 Thread 0x000001da7a948000 DEOPT PACKING pc=0x000001da61a4a827 sp=0x00000053d55f6310
Event: 235.171 Thread 0x000001da7a948000 DEOPT UNPACKING pc=0x000001da609b9d0e sp=0x00000053d55f57c0 mode 0
Event: 235.358 Thread 0x000001da7a948000 Uncommon trap: trap_request=0xfffffff4 fr.pc=0x000001da6867f2a8 relative=0x0000000000000268
Event: 235.358 Thread 0x000001da7a948000 Uncommon trap: reason=null_check action=make_not_entrant pc=0x000001da6867f2a8 method=java.lang.ThreadLocal$ThreadLocalMap.getEntryAfterMiss(Ljava/lang/ThreadLocal;ILjava/lang/ThreadLocal$ThreadLocalMap$Entry;)Ljava/lang/ThreadLocal$ThreadLocalMap$Entry; 
Event: 235.358 Thread 0x000001da7a948000 DEOPT PACKING pc=0x000001da6867f2a8 sp=0x00000053d55f74f0
Event: 235.358 Thread 0x000001da7a948000 DEOPT UNPACKING pc=0x000001da609785af sp=0x00000053d55f7410 mode 2

Classes redefined (0 events):
No events

Internal exceptions (20 events):
Event: 231.289 Thread 0x000001da7a948000 Exception <a 'java/security/PrivilegedActionException'{0x000000008ca244b0}> (0x000000008ca244b0) thrown at [s\src\hotspot\share\prims\jvm.cpp, line 1306]
Event: 231.528 Thread 0x000001da7a948000 Exception <a 'java/security/PrivilegedActionException'{0x000000008c439f18}> (0x000000008c439f18) thrown at [s\src\hotspot\share\prims\jvm.cpp, line 1306]
Event: 231.528 Thread 0x000001da7a948000 Exception <a 'java/security/PrivilegedActionException'{0x000000008c43b480}> (0x000000008c43b480) thrown at [s\src\hotspot\share\prims\jvm.cpp, line 1306]
Event: 231.529 Thread 0x000001da7a948000 Exception <a 'java/security/PrivilegedActionException'{0x000000008c43e5f8}> (0x000000008c43e5f8) thrown at [s\src\hotspot\share\prims\jvm.cpp, line 1306]
Event: 231.529 Thread 0x000001da7a948000 Exception <a 'java/security/PrivilegedActionException'{0x000000008c43fb60}> (0x000000008c43fb60) thrown at [s\src\hotspot\share\prims\jvm.cpp, line 1306]
Event: 231.529 Thread 0x000001da7a948000 Exception <a 'java/security/PrivilegedActionException'{0x000000008c442d90}> (0x000000008c442d90) thrown at [s\src\hotspot\share\prims\jvm.cpp, line 1306]
Event: 231.529 Thread 0x000001da7a948000 Exception <a 'java/security/PrivilegedActionException'{0x000000008c4442f8}> (0x000000008c4442f8) thrown at [s\src\hotspot\share\prims\jvm.cpp, line 1306]
Event: 231.529 Thread 0x000001da7a948000 Exception <a 'java/security/PrivilegedActionException'{0x000000008c447478}> (0x000000008c447478) thrown at [s\src\hotspot\share\prims\jvm.cpp, line 1306]
Event: 231.529 Thread 0x000001da7a948000 Exception <a 'java/security/PrivilegedActionException'{0x000000008c4489e0}> (0x000000008c4489e0) thrown at [s\src\hotspot\share\prims\jvm.cpp, line 1306]
Event: 231.529 Thread 0x000001da7a948000 Exception <a 'java/security/PrivilegedActionException'{0x000000008c44bbb0}> (0x000000008c44bbb0) thrown at [s\src\hotspot\share\prims\jvm.cpp, line 1306]
Event: 231.529 Thread 0x000001da7a948000 Exception <a 'java/security/PrivilegedActionException'{0x000000008c44d118}> (0x000000008c44d118) thrown at [s\src\hotspot\share\prims\jvm.cpp, line 1306]
Event: 231.530 Thread 0x000001da7a948000 Exception <a 'java/security/PrivilegedActionException'{0x000000008c450348}> (0x000000008c450348) thrown at [s\src\hotspot\share\prims\jvm.cpp, line 1306]
Event: 231.530 Thread 0x000001da7a948000 Exception <a 'java/security/PrivilegedActionException'{0x000000008c4518b0}> (0x000000008c4518b0) thrown at [s\src\hotspot\share\prims\jvm.cpp, line 1306]
Event: 231.973 Thread 0x000001da7a948000 Exception <a 'java/lang/NoSuchMethodError'{0x000000008b8fbe20}: 'java.lang.Object java.lang.invoke.DirectMethodHandle$Holder.invokeStatic(java.lang.Object, java.lang.Object, java.lang.Object, java.lang.Object, java.lang.Object, java.lang.Object, java.lang.Object, java.lang.Object, java.lang.Object, java.lang.Object, java.lang.Object, java.lang.Object, java.lang.Object, int)'> (0x000000008b8fbe20) thrown at [s\src\hotspot\share\interpreter\linkResolver.cpp, line 773]
Event: 231.975 Thread 0x000001da7a948000 Exception <a 'java/lang/NoSuchMethodError'{0x000000008b709cc8}: 'java.lang.Object java.lang.invoke.DirectMethodHandle$Holder.invokeStatic(java.lang.Object, java.lang.Object, java.lang.Object, java.lang.Object, java.lang.Object, java.lang.Object, java.lang.Object, java.lang.Object, java.lang.Object, java.lang.Object, java.lang.Object, java.lang.Object, java.lang.Object, int, int)'> (0x000000008b709cc8) thrown at [s\src\hotspot\share\interpreter\linkResolver.cpp, line 773]
Event: 232.892 Thread 0x000001da7a948000 Exception <a 'java/lang/NoSuchMethodError'{0x000000008a8ecbf8}: 'java.lang.Object java.lang.invoke.DirectMethodHandle$Holder.invokeSpecial(java.lang.Object, java.lang.Object, int, int, int, java.lang.Object, java.lang.Object, java.lang.Object, java.lang.Object)'> (0x000000008a8ecbf8) thrown at [s\src\hotspot\share\interpreter\linkResolver.cpp, line 773]
Event: 232.893 Thread 0x000001da7a948000 Exception <a 'java/lang/NoSuchMethodError'{0x000000008a8f1648}: 'java.lang.Object java.lang.invoke.DelegatingMethodHandle$Holder.reinvoke_L(java.lang.Object, int, int, int, java.lang.Object, java.lang.Object, java.lang.Object, java.lang.Object)'> (0x000000008a8f1648) thrown at [s\src\hotspot\share\interpreter\linkResolver.cpp, line 773]
Event: 233.010 Thread 0x000001da7a948000 Implicit null exception at 0x000001da6868aa8d to 0x000001da6868aca8
Event: 234.566 Thread 0x000001da7a948000 Exception <a 'sun/nio/fs/WindowsException'{0x0000000088f43c60}> (0x0000000088f43c60) thrown at [s\src\hotspot\share\prims\jni.cpp, line 617]
Event: 235.358 Thread 0x000001da7a948000 Implicit null exception at 0x000001da6867f0fd to 0x000001da6867f280

Events (20 events):
Event: 235.377 loading class com/android/build/api/artifact/impl/MultiplePropertyAdapter
Event: 235.377 loading class com/android/build/api/artifact/impl/MultiplePropertyAdapter done
Event: 235.379 loading class com/android/build/api/artifact/impl/PropertyAdapter
Event: 235.379 loading class com/android/build/api/artifact/impl/PropertyAdapter done
Event: 235.383 loading class com/android/build/api/artifact/MultipleArtifact$ALL_CLASSES_JARS
Event: 235.383 loading class com/android/build/api/artifact/MultipleArtifact$ALL_CLASSES_JARS done
Event: 235.385 loading class com/android/build/api/artifact/impl/ScopedArtifactsImpl$ScopedArtifactsContainer
Event: 235.385 loading class com/android/build/api/artifact/impl/ScopedArtifactsImpl$ScopedArtifactsContainer done
Event: 235.386 loading class com/android/build/api/artifact/impl/ArtifactsImpl$allScopedArtifacts$1
Event: 235.386 loading class com/android/build/api/artifact/impl/ArtifactsImpl$allScopedArtifacts$1 done
Event: 235.388 loading class com/android/build/gradle/internal/tasks/factory/GlobalTaskCreationConfigImpl$platformAttrs$2
Event: 235.388 loading class com/android/build/gradle/internal/tasks/factory/GlobalTaskCreationConfigImpl$platformAttrs$2 done
Event: 235.388 loading class com/android/build/gradle/internal/tasks/factory/GlobalTaskCreationConfigImpl$localCustomLintChecks$2
Event: 235.388 loading class com/android/build/gradle/internal/tasks/factory/GlobalTaskCreationConfigImpl$localCustomLintChecks$2 done
Event: 235.389 loading class com/android/build/gradle/internal/tasks/factory/GlobalTaskCreationConfigImpl$versionedNdkHandler$2
Event: 235.389 loading class com/android/build/gradle/internal/tasks/factory/GlobalTaskCreationConfigImpl$versionedNdkHandler$2 done
Event: 235.389 loading class com/android/build/gradle/internal/variant/VariantModelImpl
Event: 235.389 loading class com/android/build/gradle/internal/variant/VariantModelImpl done
Event: 235.390 loading class com/android/build/gradle/internal/plugins/BasePlugin$createVariantModel$1
Event: 235.390 loading class com/android/build/gradle/internal/plugins/BasePlugin$createVariantModel$1 done


Dynamic libraries:
0x00007ff62b090000 - 0x00007ff62b09d000 	C:\Program Files\Microsoft\jdk-11.0.20.8-hotspot\bin\java.exe
0x00007ffdd5ef0000 - 0x00007ffdd6107000 	C:\WINDOWS\SYSTEM32\ntdll.dll
0x00007ffdd57f0000 - 0x00007ffdd58b4000 	C:\WINDOWS\System32\KERNEL32.DLL
0x00007ffdd3400000 - 0x00007ffdd37a6000 	C:\WINDOWS\System32\KERNELBASE.dll
0x00007ffdd3ab0000 - 0x00007ffdd3bc1000 	C:\WINDOWS\System32\ucrtbase.dll
0x00007ffd83170000 - 0x00007ffd83187000 	C:\Program Files\Microsoft\jdk-11.0.20.8-hotspot\bin\jli.dll
0x00007ffdd3e30000 - 0x00007ffdd3fdd000 	C:\WINDOWS\System32\USER32.dll
0x00007ffdd3a80000 - 0x00007ffdd3aa6000 	C:\WINDOWS\System32\win32u.dll
0x00007ffdd4ae0000 - 0x00007ffdd4b09000 	C:\WINDOWS\System32\GDI32.dll
0x00007ffdd32e0000 - 0x00007ffdd33f8000 	C:\WINDOWS\System32\gdi32full.dll
0x00007ffdd3920000 - 0x00007ffdd39ba000 	C:\WINDOWS\System32\msvcp_win.dll
0x00007ffd81ae0000 - 0x00007ffd81af5000 	C:\Program Files\Microsoft\jdk-11.0.20.8-hotspot\bin\VCRUNTIME140.dll
0x00007ffdc9d20000 - 0x00007ffdc9fb3000 	C:\WINDOWS\WinSxS\amd64_microsoft.windows.common-controls_6595b64144ccf1df_6.0.22621.2361_none_2712ced57382f843\COMCTL32.dll
0x00007ffdd5b40000 - 0x00007ffdd5be7000 	C:\WINDOWS\System32\msvcrt.dll
0x00007ffdd3cd0000 - 0x00007ffdd3d01000 	C:\WINDOWS\System32\IMM32.DLL
0x00007ffd5c4a0000 - 0x00007ffd5c53b000 	C:\Program Files\Microsoft\jdk-11.0.20.8-hotspot\bin\msvcp140.dll
0x00007ffd540c0000 - 0x00007ffd54c56000 	C:\Program Files\Microsoft\jdk-11.0.20.8-hotspot\bin\server\jvm.dll
0x00007ffdd47b0000 - 0x00007ffdd4860000 	C:\WINDOWS\System32\ADVAPI32.dll
0x00007ffdd3d70000 - 0x00007ffdd3e16000 	C:\WINDOWS\System32\sechost.dll
0x00007ffdd3fe0000 - 0x00007ffdd40f7000 	C:\WINDOWS\System32\RPCRT4.dll
0x00007ffdd47a0000 - 0x00007ffdd47a8000 	C:\WINDOWS\System32\PSAPI.DLL
0x00007ffd9ea10000 - 0x00007ffd9ea19000 	C:\WINDOWS\SYSTEM32\WSOCK32.dll
0x00007ffdd4150000 - 0x00007ffdd41c1000 	C:\WINDOWS\System32\WS2_32.dll
0x00007ffdcd8d0000 - 0x00007ffdcd904000 	C:\WINDOWS\SYSTEM32\WINMM.dll
0x00007ffdc3ed0000 - 0x00007ffdc3eda000 	C:\WINDOWS\SYSTEM32\VERSION.dll
0x00007ffdd2280000 - 0x00007ffdd2298000 	C:\WINDOWS\SYSTEM32\kernel.appcore.dll
0x00007ffd9dd80000 - 0x00007ffd9dd90000 	C:\Program Files\Microsoft\jdk-11.0.20.8-hotspot\bin\verify.dll
0x00007ffdd0c30000 - 0x00007ffdd0e5e000 	C:\WINDOWS\SYSTEM32\DBGHELP.DLL
0x00007ffdd41d0000 - 0x00007ffdd455a000 	C:\WINDOWS\System32\combase.dll
0x00007ffdd4560000 - 0x00007ffdd4637000 	C:\WINDOWS\System32\OLEAUT32.dll
0x00007ffdcd890000 - 0x00007ffdcd8c2000 	C:\WINDOWS\SYSTEM32\dbgcore.DLL
0x00007ffdd3bd0000 - 0x00007ffdd3c4a000 	C:\WINDOWS\System32\bcryptPrimitives.dll
0x00007ffd6cd90000 - 0x00007ffd6cdb8000 	C:\Program Files\Microsoft\jdk-11.0.20.8-hotspot\bin\java.dll
0x00007ffd9c0a0000 - 0x00007ffd9c0aa000 	C:\Program Files\Microsoft\jdk-11.0.20.8-hotspot\bin\jimage.dll
0x00007ffd66290000 - 0x00007ffd662a8000 	C:\Program Files\Microsoft\jdk-11.0.20.8-hotspot\bin\zip.dll
0x00007ffdd4f90000 - 0x00007ffdd57e8000 	C:\WINDOWS\System32\SHELL32.dll
0x00007ffdd1140000 - 0x00007ffdd1a32000 	C:\WINDOWS\SYSTEM32\windows.storage.dll
0x00007ffdd0e60000 - 0x00007ffdd0f9e000 	C:\WINDOWS\SYSTEM32\wintypes.dll
0x00007ffdd46a0000 - 0x00007ffdd4793000 	C:\WINDOWS\System32\SHCORE.dll
0x00007ffdd3d10000 - 0x00007ffdd3d6e000 	C:\WINDOWS\System32\shlwapi.dll
0x00007ffdd31a0000 - 0x00007ffdd31c6000 	C:\WINDOWS\SYSTEM32\profapi.dll
0x00007ffd73080000 - 0x00007ffd73099000 	C:\Program Files\Microsoft\jdk-11.0.20.8-hotspot\bin\net.dll
0x00007ffdcd720000 - 0x00007ffdcd857000 	C:\WINDOWS\SYSTEM32\WINHTTP.dll
0x00007ffdd2780000 - 0x00007ffdd27e9000 	C:\WINDOWS\system32\mswsock.dll
0x00007ffd73060000 - 0x00007ffd73073000 	C:\Program Files\Microsoft\jdk-11.0.20.8-hotspot\bin\nio.dll
0x00007ffdc5cf0000 - 0x00007ffdc5d17000 	C:\Users\ashis\.gradle\native\68d5fa5c4cc2d200863cafc0d521ce42e7d3e7ee720ec0a83991735586a16f82\windows-amd64\native-platform.dll
0x00007ffdbdf00000 - 0x00007ffdbe044000 	C:\Users\ashis\.gradle\native\e376f236ea51e6404a007f0833ffe2c6e607c4080706a723a18a27aeea778392\windows-amd64\native-platform-file-events.dll
0x00007ffd9b800000 - 0x00007ffd9b809000 	C:\Program Files\Microsoft\jdk-11.0.20.8-hotspot\bin\management.dll
0x00007ffd98340000 - 0x00007ffd9834b000 	C:\Program Files\Microsoft\jdk-11.0.20.8-hotspot\bin\management_ext.dll
0x00007ffdd2a00000 - 0x00007ffdd2a1b000 	C:\WINDOWS\SYSTEM32\CRYPTSP.dll
0x00007ffdd21e0000 - 0x00007ffdd2215000 	C:\WINDOWS\system32\rsaenh.dll
0x00007ffdd2890000 - 0x00007ffdd28bc000 	C:\WINDOWS\SYSTEM32\USERENV.dll
0x00007ffdd2c30000 - 0x00007ffdd2c58000 	C:\WINDOWS\SYSTEM32\bcrypt.dll
0x00007ffdd2a20000 - 0x00007ffdd2a2c000 	C:\WINDOWS\SYSTEM32\CRYPTBASE.dll
0x00007ffdd1c90000 - 0x00007ffdd1cbd000 	C:\WINDOWS\SYSTEM32\IPHLPAPI.DLL
0x00007ffdd4ad0000 - 0x00007ffdd4ad9000 	C:\WINDOWS\System32\NSI.dll
0x00007ffdcbe10000 - 0x00007ffdcbe29000 	C:\WINDOWS\SYSTEM32\dhcpcsvc6.DLL
0x00007ffdcc530000 - 0x00007ffdcc54f000 	C:\WINDOWS\SYSTEM32\dhcpcsvc.DLL
0x00007ffdd1cc0000 - 0x00007ffdd1db9000 	C:\WINDOWS\SYSTEM32\DNSAPI.dll

dbghelp: loaded successfully - version: 4.0.5 - missing functions: none
symbol engine: initialized successfully - sym options: 0x614 - pdb path: .;C:\Program Files\Microsoft\jdk-11.0.20.8-hotspot\bin;C:\WINDOWS\SYSTEM32;C:\WINDOWS\WinSxS\amd64_microsoft.windows.common-controls_6595b64144ccf1df_6.0.22621.2361_none_2712ced57382f843;C:\Program Files\Microsoft\jdk-11.0.20.8-hotspot\bin\server;C:\Users\ashis\.gradle\native\68d5fa5c4cc2d200863cafc0d521ce42e7d3e7ee720ec0a83991735586a16f82\windows-amd64;C:\Users\ashis\.gradle\native\e376f236ea51e6404a007f0833ffe2c6e607c4080706a723a18a27aeea778392\windows-amd64

VM Arguments:
jvm_args: -XX:MaxMetaspaceSize=512m --add-opens=java.base/java.util=ALL-UNNAMED --add-opens=java.base/java.lang=ALL-UNNAMED --add-opens=java.base/java.lang.invoke=ALL-UNNAMED --add-opens=java.prefs/java.util.prefs=ALL-UNNAMED --add-opens=java.base/java.nio.charset=ALL-UNNAMED --add-opens=java.base/java.net=ALL-UNNAMED --add-opens=java.base/java.util.concurrent.atomic=ALL-UNNAMED -Xmx2048m -Dfile.encoding=windows-1252 -Duser.country=IN -Duser.language=en -Duser.variant 
java_command: org.gradle.launcher.daemon.bootstrap.GradleDaemon 8.0.1
java_class_path (initial): C:\Users\ashis\.gradle\wrapper\dists\gradle-8.0.1-all\aro4hu1c3oeioove7l0i4i14o\gradle-8.0.1\lib\gradle-launcher-8.0.1.jar
Launcher Type: SUN_STANDARD

[Global flags]
     intx CICompilerCount                          = 4                                         {product} {ergonomic}
   size_t CompressedClassSpaceSize                 = 528482304                                 {product} {ergonomic}
     uint ConcGCThreads                            = 2                                         {product} {ergonomic}
     uint G1ConcRefinementThreads                  = 8                                         {product} {ergonomic}
   size_t G1HeapRegionSize                         = 1048576                                   {product} {ergonomic}
    uintx GCDrainStackTargetSize                   = 64                                        {product} {ergonomic}
   size_t InitialHeapSize                          = 266338304                                 {product} {ergonomic}
   size_t MarkStackSize                            = 4194304                                   {product} {ergonomic}
   size_t MaxHeapSize                              = 2147483648                                {product} {command line}
   size_t MaxMetaspaceSize                         = 536870912                                 {product} {command line}
   size_t MaxNewSize                               = 1287651328                                {product} {ergonomic}
   size_t MinHeapDeltaBytes                        = 1048576                                   {product} {ergonomic}
    uintx NonNMethodCodeHeapSize                   = 5836300                                {pd product} {ergonomic}
    uintx NonProfiledCodeHeapSize                  = 122910970                              {pd product} {ergonomic}
    uintx ProfiledCodeHeapSize                     = 122910970                              {pd product} {ergonomic}
    uintx ReservedCodeCacheSize                    = 251658240                              {pd product} {ergonomic}
     bool SegmentedCodeCache                       = true                                      {product} {ergonomic}
     bool UseCompressedClassPointers               = true                                 {lp64_product} {ergonomic}
     bool UseCompressedOops                        = true                                 {lp64_product} {ergonomic}
     bool UseG1GC                                  = true                                      {product} {ergonomic}
     bool UseLargePagesIndividualAllocation        = false                                  {pd product} {ergonomic}

Logging:
Log output configuration:
 #0: stdout all=warning uptime,level,tags
 #1: stderr all=off uptime,level,tags

Environment Variables:
JAVA_HOME=C:\Program Files\Microsoft\jdk-11.0.20.8-hotspot\
CLASSPATH=D:\Native\BankSathi\android\\gradle\wrapper\gradle-wrapper.jar
PATH=D:\Native\BankSathi\node_modules\.bin;D:\Native\BankSathi\node_modules\.bin;D:\Native\node_modules\.bin;D:\node_modules\.bin;C:\Users\ashis\AppData\Roaming\npm\node_modules\npm\node_modules\@npmcli\run-script\lib\node-gyp-bin;D:\Native\BankSathi\node_modules\.bin;D:\Native\node_modules\.bin;D:\node_modules\.bin;C:\Users\ashis\AppData\Roaming\npm\node_modules\npm\node_modules\@npmcli\run-script\lib\node-gyp-bin;D:\SOFTWARE\PYTHON\Scripts\;D:\SOFTWARE\PYTHON\;C:\Python311\Scripts\;C:\Python311\;C:\Program Files\Microsoft\jdk-11.0.20.8-hotspot\bin;C:\Program Files\Common Files\Oracle\Java\javapath;C:\WINDOWS\system32;C:\WINDOWS;C:\WINDOWS\System32\Wbem;C:\WINDOWS\System32\WindowsPowerShell\v1.0\;C:\WINDOWS\System32\OpenSSH\;C:\MinGW\bin;C:\Aldec\Active-HDL-Student-Edition\bin;D:\bin;D:\SOFTWARE IN ENEGINEERING\VHDL\bin;D:\Microsoft VS Code\bin;D:\SOFTWARE\Git\Git\cmd;C:\ProgramData\chocolatey\bin;C:\Users\ashis\AppData\Local\Android\Sdk\platform-tools;D:\SOFTWARE\Node\;D:\SOFTWARE IN ENEGINEERING\PYTHON\Scripts\;D:\SOFTWARE IN ENEGINEERING\PYTHON\;C:\Users\ashis\AppData\Local\Microsoft\WindowsApps;C:\modeltech64_10.6d\win64;%IntelliJ IDEA Community Edition%;C:\Users\ashis\AppData\Local\Programs\Microsoft VS Code\bin;D:\SOFTWARE\Node;C:\Windows\SysWOW64;C:\\Windows\SysWow64\;C:\Users\ashis\AppData\Roaming\npm
USERNAME=ashis
LANG=en_US.UTF-8
OS=Windows_NT
PROCESSOR_IDENTIFIER=Intel64 Family 6 Model 140 Stepping 2, GenuineIntel
TMP=C:\Users\ashis\AppData\Local\Temp
TEMP=C:\Users\ashis\AppData\Local\Temp



---------------  S Y S T E M  ---------------

OS: Windows 11 , 64 bit Build 22621 (10.0.22621.2428)
OS uptime: 9 days 17:50 hours
Hyper-V role detected

CPU:total 8 (initial active 8) (4 cores per cpu, 2 threads per core) family 6 model 140 stepping 2 microcode 0x22, cmov, cx8, fxsr, mmx, sse, sse2, sse3, ssse3, sse4.1, sse4.2, popcnt, avx, avx2, aes, clmul, erms, 3dnowpref, lzcnt, ht, tsc, tscinvbit, bmi1, bmi2, adx, evex, sha, fma

Memory: 4k page, system-wide physical 16167M (122M free)
TotalPageFile size 42072M (AvailPageFile size 0M)
current process WorkingSet (physical memory assigned to process): 373M, peak: 376M
current process commit charge ("private bytes"): 525M, peak: 526M

vm_info: OpenJDK 64-Bit Server VM (11.0.20+8-LTS) for windows-amd64 JRE (11.0.20+8-LTS), built on Jul  7 2023 17:05:21 by "MicrosoftCorporation" with MS VC++ 15.9 (VS2017)

END.
